# Logfile created on 2013-11-02 02:32:14 +0400 by logger.rb/31641
UT VKOLED/H LEDVKO/H
UN VKOLED/I LEDVKO/I
FV VKOLED/U LEDSVO/U
SU SVOLED/T LEDSVO/T
S7 DMELED/Q LEDDME/Q
HR DMELED/YC/X LEDDME/YC
FV VKOLED/U LEDSVO/U
HR DMEIWA/7R/N IWALED/7R/N LEDULV/7R/U ULVVKO/UT/V
HR DMEIWA/7R/N IWALED/7R/N LEDULV/7R/U ULVDME/7R/N
5N SVOARH/W ARHLED/L LEDARH/L ARHSVO/H
U9 DMEKZN/Q KZNLED/Q LEDKZN/Q KZNDME/X
UT VKOLED/H LEDVKO/H
UT VKOLED/H LEDVKO/H
UN VKOLED/I LEDVKO/I
UN VKOLED/I LEDDME/I
FV DMELED/U LEDSVO/U
SU SVOLED/T LEDSVO/T
S7 DMELED/Q LEDDME/Q
SU SVOLED/T LEDSVO/T
HR DMEULV/7R/N ULVLED/7R/U LEDIWA/7R/N IWADME/7R/N
SU SVOARH/5N/H ARHLED/FV:SU/N LEDARH/FV:SU/N ARHSVO/5N/H
5N SVOARH/H ARHLED/L LEDARH/L ARHSVO/W
HR VKOUFA/UT/H UFALED/U9/Q LEDKZN/U9/Q KZNVKO/UT/H
U9 DMEKZN/Q KZNLED/N LEDKZN/Q KZNDME/Q
UT VKOLED/H LEDVKO/H
UN VKOLED/I LEDDME/I
FV DMELED/U LEDSVO/U
SU SVOLED/T LEDSVO/T
S7 DMELED/Q LEDDME/Q
5N SVOARH/H ARHLED/L LEDARH/L ARHSVO/H
HR DMENBC/2B:U9/Q NBCLED/U9/Q LEDKZN/U9/Q KZNVKO/UT/H
U9 DMEKZN/Q KZNLED/Q LEDKZN/Q KZNDME/X
HR DMEULV/7R/N ULVLED/7R/U LEDEGO/7R EGODME/YQ
UT VKOLED/H LEDVKO/H
UN VKOLED/I LEDDME/I
FV DMELED/U LEDSVO/U
SU SVOLED/T LEDSVO/T
S7 DMELED/Q LEDDME/Q
5N SVOARH/H ARHLED/L LEDARH/L ARHSVO/H
HR DMENBC/2B:U9/Q NBCLED/U9/Q LEDKZN/U9/Q KZNVKO/UT/H
U9 DMEKZN/Q KZNLED/Q LEDKZN/Q KZNDME/X
HR DMEULV/7R/N ULVLED/7R/U LEDEGO/7R EGODME/YQ
UT VKOLED/H LEDVKO/H
UN VKOLED/I LEDDME/I
FV DMELED/U LEDSVO/U
SU SVOLED/T LEDSVO/T
S7 DMELED/Q LEDDME/Q
5N SVOARH/H ARHLED/L LEDARH/L ARHSVO/H
HR DMENBC/2B:U9/Q NBCLED/U9/Q LEDKZN/U9/Q KZNVKO/UT/H
U9 DMEKZN/Q KZNLED/Q LEDKZN/Q KZNDME/X
HR DMEULV/7R/N ULVLED/7R/U LEDEGO/7R EGODME/YQ
UT VKOLED/H LEDVKO/H
UN VKOLED/I LEDDME/I
FV DMELED/U LEDSVO/U
SU SVOLED/T LEDSVO/T
S7 DMELED/Q LEDDME/Q
5N SVOARH/H ARHLED/L LEDARH/L ARHSVO/H
HR DMENBC/2B:U9/Q NBCLED/U9/Q LEDKZN/U9/Q KZNVKO/UT/H
U9 DMEKZN/Q KZNLED/Q LEDKZN/Q KZNDME/X
HR DMEULV/7R/N ULVLED/7R/U LEDEGO/7R EGODME/YQ
UT VKOLED/H LEDVKO/H
UN VKOLED/I LEDDME/I
FV DMELED/U LEDSVO/U
SU SVOLED/T LEDSVO/T
S7 DMELED/Q LEDDME/Q
5N SVOARH/H ARHLED/L LEDARH/L ARHSVO/H
HR DMENBC/2B:U9/Q NBCLED/U9/Q LEDKZN/U9/Q KZNVKO/UT/H
U9 DMEKZN/Q KZNLED/Q LEDKZN/Q KZNDME/X
HR DMEULV/7R/N ULVLED/7R/U LEDEGO/7R EGODME/YQ
UT VKOLED/H LEDVKO/H
UT VKOLED/H LEDVKO/H
UN VKOLED/I LEDDME/I
FV DMELED/U LEDSVO/U
SU SVOLED/T LEDSVO/T
S7 DMELED/Q LEDDME/Q
5N SVOARH/H ARHLED/L LEDARH/L ARHSVO/H
HR DMENBC/2B:U9/Q NBCLED/U9/Q LEDKZN/U9/Q KZNVKO/UT/H
U9 DMEKZN/Q KZNLED/Q LEDKZN/Q KZNDME/X
HR DMEULV/7R/N ULVLED/7R/U LEDEGO/7R EGODME/YQ
UT VKOLED/H LEDVKO/H
UT VKOLED/H LEDVKO/H
UN VKOLED/I LEDDME/I
FV DMELED/U LEDSVO/U
SU SVOLED/T LEDSVO/T
S7 DMELED/Q LEDDME/Q
5N SVOARH/H ARHLED/L LEDARH/L ARHSVO/H
HR DMENBC/2B:U9/Q NBCLED/U9/Q LEDKZN/U9/Q KZNVKO/UT/H
U9 DMEKZN/Q KZNLED/Q LEDKZN/Q KZNDME/X
HR DMEULV/7R/N ULVLED/7R/U LEDEGO/7R EGODME/YQ
UT VKOLED/H LEDVKO/H
UT VKOLED/H LEDVKO/H
UN VKOLED/I LEDDME/I
FV DMELED/U LEDSVO/U
SU SVOLED/T LEDSVO/T
S7 DMELED/Q LEDDME/Q
5N SVOARH/H ARHLED/L LEDARH/L ARHSVO/H
HR DMENBC/2B:U9/Q NBCLED/U9/Q LEDKZN/U9/Q KZNVKO/UT/H
U9 DMEKZN/Q KZNLED/Q LEDKZN/Q KZNDME/X
HR DMEULV/7R/N ULVLED/7R/U LEDEGO/7R EGODME/YQ
KL SVOAMS/G AMSCDG/AF:KL/G CDGAMS/AF:KL/G AMSSVO/G
PS DMEKBP/J KBPCDG/J CDGKBP/AF:PS/J KBPDME/J
PS DMEKBP/J KBPCDG/J CDGKBP/J KBPDME/J
PS DMEKBP/J KBPCDG/AF:PS/J CDGKBP/AF:PS/J KBPDME/J
PS DMEKBP/J KBPCDG/AF:PS/J CDGKBP/J KBPDME/J
PS DMEKBP/J KBPCDG/J CDGKBP/AF:PS/J KBPDME/J
PS DMEKBP/J KBPCDG/AF:PS/J CDGKBP/AF:PS/J KBPDME/J
PS DMEKBP/J KBPCDG/J CDGKBP/J KBPDME/J
KL SVOAMS/G AMSCDG/AF:KL/G CDGAMS/AF:KL/G AMSSVO/G
PS DMEKBP/J KBPCDG/AF:PS/J CDGKBP/J KBPDME/J
PS DMEKBP/J KBPCDG/J CDGKBP/AF:PS/J KBPDME/J
PS DMEKBP/J KBPCDG/AF:PS/J CDGKBP/AF:PS/J KBPDME/J
PS DMEKBP/J KBPCDG/J CDGKBP/AF:PS/J KBPDME/J
AY SVOHEL/R HELCDG/R CDGHEL/R HELSVO/R
PS DMEKBP/J KBPCDG/J CDGKBP/J KBPSVO/J
PS DMEKBP/J KBPCDG/AF:PS/J CDGKBP/J KBPSVO/J
PS DMEKBP/J KBPCDG/J CDGKBP/AF:PS/J KBPSVO/J
PS DMEKBP/J KBPCDG/AF:PS/J CDGKBP/AF:PS/J KBPSVO/J
PS SVOKBP/J KBPCDG/AF:PS/J CDGKBP/AF:PS/J KBPDME/J
PS SVOKBP/J KBPCDG/AF:PS/J CDGKBP/J KBPDME/J
PS SVOKBP/J KBPCDG/J CDGKBP/AF:PS/J KBPDME/J
PS SVOKBP/J KBPCDG/J CDGKBP/J KBPDME/J
PS SVOKBP/J KBPCDG/AF:PS/J CDGKBP/AF:PS/J KBPDME/J
PS SVOKBP/J KBPCDG/J CDGKBP/AF:PS/J KBPDME/J
PS SVOKBP/J KBPCDG/AF:PS/J CDGKBP/J KBPDME/J
PS SVOKBP/J KBPCDG/J CDGKBP/J KBPDME/J
PS SVOKBP/J KBPCDG/AF:PS/J CDGKBP/AF:PS/J KBPDME/J
PS SVOKBP/J KBPCDG/J CDGKBP/AF:PS/J KBPDME/J
PS DMEKBP/J KBPCDG/J CDGVIE/AF:OS/K VIEDME/VO:OS/K
PS DMEKBP/J KBPCDG/AF:PS/J CDGVIE/AF:OS/K VIEDME/VO:OS/K
PS SVOKBP/J KBPCDG/AF:PS/J CDGKBP/J KBPSVO/J
PS SVOKBP/J KBPCDG/J CDGKBP/J KBPSVO/J
PS SVOKBP/J KBPCDG/AF:PS/J CDGKBP/AF:PS/J KBPSVO/J
PS SVOKBP/J KBPCDG/J CDGKBP/AF:PS/J KBPSVO/J
AB DMETXL/W TXLORY/W ORYTXL/E TXLDME/E
BT SVORIX/U RIXCDG/U CDGRIX/P RIXSVO/P
PS SVOKBP/J KBPCDG/AF:PS/J CDGVIE/AF:OS/K VIEDME/VO:OS/K
PS SVOKBP/J KBPCDG/J CDGVIE/AF:OS/K VIEDME/VO:OS/K
PS DMEKBP/J KBPCDG/J CDGVIE/VO:OS/L VIEDME/VO:OS/L
PS DMEKBP/J KBPCDG/J CDGVIE/AF:OS/L VIEDME/VO:OS/L
PS DMEKBP/J KBPCDG/AF:PS/J CDGVIE/VO:OS/L VIEDME/VO:OS/L
PS DMEKBP/J KBPCDG/AF:PS/J CDGVIE/AF:OS/L VIEDME/VO:OS/L
KL SVOAMS/G AMSCDG/AF:KL/G CDGAMS/V AMSSVO/V
KL SVOAMS/V AMSCDG/V CDGAMS/AF:KL/G AMSSVO/G
OS DMEVIE/VO:OS/K VIECDG/VO:OS/K CDGVIE/AF:OS/K VIEDME/VO:OS/K
AB DMEVIE/HG/W VIECDG/HG/W CDGVIE/HG/E VIEDME/HG/E
LO SVOWAW/W WAWCDG/W CDGWAW/W WAWSVO/W
AZ SVOFCO/O FCOCDG/O CDGFCO/O FCOSVO/O
LH DMEMUC/K MUCCDG/K CDGMUC/L MUCDME/L
FV SVOLED/X LEDCDG/AF:FV/X CDGLED/X LEDDME/X
TK VKOIST/W ISTCDG/W CDGIST/W ISTVKO/W
JU SVOBEG/N BEGCDG/N CDGBEG/N BEGSVO/N
OK SVOPRG/N PRGCDG/N CDGPRG/U PRGSVO/SU:OK/U
ZI VKOORY/Q ORYDME/UN:ZI/Q
ZI VKOORY/Q ORYVKO/Q
AF SVOCDG/V CDGSVO/V
AF SVOCDG/V CDGSVO/V
AF SVOCDG/V CDGSVO/V
AF SVOCDG/V CDGSVO/V
AF SVOCDG/V CDGSVO/V
AF SVOCDG/V CDGSVO/V
UN VKOORY/X ORYDME/X
AF SVOCDG/V CDGSVO/SU:AF/V
AF SVOCDG/V CDGSVO/SU:AF/V
AF SVOCDG/V CDGSVO/SU:AF/V
IB DMEBCN/VY:IB/O BCNORY/VY:IB/O ORYBCN/VY:IB/P BCNDME/VY:IB/Q
SU SVOCDG/N CDGSVO/N
PS DMEKBP/J KBPCDG/J CDGKBP/J KBPDME/J
PS DMEKBP/J KBPCDG/AF:PS/J CDGKBP/J KBPDME/J
PS DMEKBP/J KBPCDG/J CDGKBP/J KBPDME/J
PS DMEKBP/J KBPCDG/AF:PS/J CDGKBP/J KBPDME/J
PS DMEKBP/J KBPCDG/J CDGKBP/J KBPSVO/J
PS DMEKBP/J KBPCDG/AF:PS/J CDGKBP/J KBPSVO/J
PS DMEKBP/J KBPCDG/J CDGKBP/J KBPSVO/J
PS DMEKBP/J KBPCDG/AF:PS/J CDGKBP/J KBPSVO/J
PS SVOKBP/J KBPCDG/AF:PS/J CDGKBP/J KBPDME/J
PS SVOKBP/J KBPCDG/J CDGKBP/J KBPDME/J
PS SVOKBP/J KBPCDG/AF:PS/J CDGKBP/J KBPDME/J
PS SVOKBP/J KBPCDG/J CDGKBP/J KBPDME/J
PS SVOKBP/J KBPCDG/AF:PS/J CDGKBP/J KBPSVO/J
PS SVOKBP/J KBPCDG/J CDGKBP/J KBPSVO/J
PS SVOKBP/J KBPCDG/AF:PS/J CDGKBP/J KBPSVO/J
PS SVOKBP/J KBPCDG/J CDGKBP/J KBPSVO/J
PS DMEKBP/J KBPCDG/J CDGKBP/AF:PS/N KBPDME/J
PS DMEKBP/J KBPCDG/AF:PS/J CDGKBP/AF:PS/N KBPDME/J
PS DMEKBP/J KBPCDG/J CDGKBP/AF:PS/N KBPDME/J
PS DMEKBP/J KBPCDG/AF:PS/J CDGKBP/AF:PS/N KBPDME/J
PS DMEKBP/J KBPCDG/J CDGKBP/AF:PS/N KBPSVO/J
PS DMEKBP/J KBPCDG/AF:PS/J CDGKBP/AF:PS/N KBPSVO/J
PS SVOKBP/J KBPCDG/AF:PS/J CDGKBP/AF:PS/N KBPDME/J
PS SVOKBP/J KBPCDG/J CDGKBP/AF:PS/N KBPDME/J
PS SVOKBP/J KBPCDG/AF:PS/J CDGKBP/AF:PS/N KBPDME/J
KL SVOAMS/G AMSCDG/AF:KL/G CDGAMS/AF:KL/V AMSSVO/V
KL SVOAMS/G AMSCDG/AF:KL/G CDGFCO/AZ/O FCOSVO/AZ/O
KL SVOAMS/V AMSCDG/V CDGAMS/AF:KL/V AMSSVO/V
PS DMEKBP/J KBPCDG/J CDGVIE/VO:OS/T VIEDME/VO:OS/T
PS DMEKBP/J KBPCDG/AF:PS/J CDGVIE/VO:OS/T VIEDME/VO:OS/T
AZ SVOMXP/O LINCDG/O CDGAMS/AF:KL/V AMSSVO/KL/V
LH DMEMUC/K MUCCDG/K CDGMUC/K MUCDME/K
LH DMEMUC/K MUCCDG/CL:LH/K CDGMUC/K MUCDME/K
LH DMEMUC/K MUCCDG/K CDGMUC/K MUCDME/K
LH DMEMUC/K MUCCDG/CL:LH/K CDGMUC/K MUCDME/K
AZ SVOMXP/O LINCDG/O CDGFCO/O FCOSVO/O
BT DMERIX/U RIXCDG/U CDGRIX/Z RIXSVO/Z
LX DMEZRH/L ZRHCDG/L CDGZRH/L ZRHDME/L
FV SVOLED/X LEDCDG/X CDGLED/X LEDVKO/X
JU SVOBEG/N BEGCDG/N CDGBEG/N BEGSVO/N
OS DMEVIE/VO:OS/K VIECDG/VO:OS/K CDGVIE/VO:OS/T VIEDME/VO:OS/T
LO SVOWAW/W WAWCDG/W CDGWAW/S WAWSVO/S
AB DMETXL/W TXLORY/W ORYTXL/Q TXLDME/Q
OK SVOPRG/N PRGCDG/N CDGPRG/AF:OK/U PRGSVO/U
AB DMEVIE/HG/W VIECDG/HG/W CDGVIE/HG/Q VIEDME/HG/Q
AY SVOHEL/N HELCDG/BE:AY/N CDGHEL/BE:AY/N HELSVO/N
TK VKOIST/L SAWCDG/L CDGIST/W ISTVKO/W
AF SVOCDG/V CDGSVO/V
UN VKOORY/X ORYVKO/X
ZI VKOORY/U ORYVKO/U
UN VKOORY/ZI:UN/X ORYVKO/X
UN VKOORY/X ORYVKO/ZI:UN/X
AF SVOCDG/R CDGSVO/V
AF SVOCDG/R CDGSVO/V
AF SVOCDG/R CDGSVO/V
AF SVOCDG/V CDGSVO/SU:AF/R
AF SVOCDG/SU:AF/R CDGSVO/V
AF SVOCDG/SU:AF/R CDGSVO/V
AF SVOCDG/V CDGSVO/SU:AF/R
UN VKOORY/ZI:UN/X ORYVKO/ZI:UN/X
AF SVOCDG/V CDGSVO/N
AF SVOCDG/V CDGSVO/N
AF SVOCDG/V CDGSVO/N
AF SVOCDG/N CDGSVO/V
SU SVOCDG/N CDGSVO/N
IB DMEBCN/VY:IB/Q BCNORY/VY:IB/O ORYBCN/VY:IB/P BCNDME/VY:IB/Q
PS DMEKBP/J KBPCDG/J CDGKBP/J KBPDME/J
PS DMEKBP/J KBPCDG/AF:PS/J CDGKBP/J KBPDME/J
PS DMEKBP/J KBPCDG/J CDGKBP/J KBPDME/J
PS DMEKBP/J KBPCDG/AF:PS/J CDGKBP/J KBPDME/J
PS DMEKBP/J KBPCDG/J CDGKBP/J KBPSVO/J
PS DMEKBP/J KBPCDG/AF:PS/J CDGKBP/J KBPSVO/J
PS DMEKBP/J KBPCDG/J CDGKBP/J KBPSVO/J
PS DMEKBP/J KBPCDG/AF:PS/J CDGKBP/J KBPSVO/J
PS SVOKBP/J KBPCDG/AF:PS/J CDGKBP/J KBPDME/J
PS SVOKBP/J KBPCDG/J CDGKBP/J KBPDME/J
PS SVOKBP/J KBPCDG/AF:PS/J CDGKBP/J KBPDME/J
PS SVOKBP/J KBPCDG/J CDGKBP/J KBPDME/J
PS SVOKBP/J KBPCDG/AF:PS/J CDGKBP/J KBPSVO/J
PS SVOKBP/J KBPCDG/J CDGKBP/J KBPSVO/J
PS SVOKBP/J KBPCDG/AF:PS/J CDGKBP/J KBPSVO/J
PS SVOKBP/J KBPCDG/J CDGKBP/J KBPSVO/J
PS DMEKBP/J KBPCDG/J CDGKBP/AF:PS/N KBPDME/J
PS DMEKBP/J KBPCDG/AF:PS/J CDGKBP/AF:PS/N KBPDME/J
PS DMEKBP/J KBPCDG/J CDGKBP/AF:PS/N KBPDME/J
PS DMEKBP/J KBPCDG/AF:PS/J CDGKBP/AF:PS/N KBPDME/J
PS DMEKBP/J KBPCDG/J CDGKBP/AF:PS/N KBPSVO/J
PS DMEKBP/J KBPCDG/AF:PS/J CDGKBP/AF:PS/N KBPSVO/J
PS SVOKBP/J KBPCDG/AF:PS/J CDGKBP/AF:PS/N KBPDME/J
PS SVOKBP/J KBPCDG/J CDGKBP/AF:PS/N KBPDME/J
PS SVOKBP/J KBPCDG/AF:PS/J CDGKBP/AF:PS/N KBPDME/J
KL SVOAMS/G AMSCDG/AF:KL/G CDGAMS/AF:KL/V AMSSVO/V
KL SVOAMS/G AMSCDG/AF:KL/G CDGFCO/AZ/O FCOSVO/AZ/O
KL SVOAMS/V AMSCDG/V CDGAMS/AF:KL/V AMSSVO/V
PS DMEKBP/J KBPCDG/J CDGVIE/VO:OS/T VIEDME/VO:OS/T
PS DMEKBP/J KBPCDG/AF:PS/J CDGVIE/VO:OS/T VIEDME/VO:OS/T
AZ SVOMXP/O LINCDG/O CDGAMS/AF:KL/V AMSSVO/KL/V
LH DMEMUC/K MUCCDG/K CDGMUC/K MUCDME/K
LH DMEMUC/K MUCCDG/CL:LH/K CDGMUC/K MUCDME/K
LH DMEMUC/K MUCCDG/K CDGMUC/K MUCDME/K
LH DMEMUC/K MUCCDG/CL:LH/K CDGMUC/K MUCDME/K
AZ SVOMXP/O LINCDG/O CDGFCO/O FCOSVO/O
BT DMERIX/U RIXCDG/U CDGRIX/Z RIXSVO/Z
LX DMEZRH/L ZRHCDG/L CDGZRH/L ZRHDME/L
FV SVOLED/X LEDCDG/X CDGLED/X LEDVKO/X
JU SVOBEG/N BEGCDG/N CDGBEG/N BEGSVO/N
OS DMEVIE/VO:OS/K VIECDG/VO:OS/K CDGVIE/VO:OS/T VIEDME/VO:OS/T
LO SVOWAW/W WAWCDG/W CDGWAW/S WAWSVO/S
AB DMETXL/W TXLORY/W ORYTXL/Q TXLDME/Q
OK SVOPRG/N PRGCDG/N CDGPRG/AF:OK/U PRGSVO/U
AB DMEVIE/HG/W VIECDG/HG/W CDGVIE/HG/Q VIEDME/HG/Q
AY SVOHEL/N HELCDG/BE:AY/N CDGHEL/BE:AY/N HELSVO/N
TK VKOIST/L SAWCDG/L CDGIST/W ISTVKO/W
AF SVOCDG/V CDGSVO/V
UN VKOORY/X ORYVKO/X
ZI VKOORY/U ORYVKO/U
UN VKOORY/ZI:UN/X ORYVKO/X
UN VKOORY/X ORYVKO/ZI:UN/X
AF SVOCDG/R CDGSVO/V
AF SVOCDG/R CDGSVO/V
AF SVOCDG/R CDGSVO/V
AF SVOCDG/V CDGSVO/SU:AF/R
AF SVOCDG/SU:AF/R CDGSVO/V
AF SVOCDG/SU:AF/R CDGSVO/V
AF SVOCDG/V CDGSVO/SU:AF/R
UN VKOORY/ZI:UN/X ORYVKO/ZI:UN/X
AF SVOCDG/V CDGSVO/N
AF SVOCDG/V CDGSVO/N
AF SVOCDG/V CDGSVO/N
AF SVOCDG/N CDGSVO/V
SU SVOCDG/N CDGSVO/N
IB DMEBCN/VY:IB/Q BCNORY/VY:IB/O ORYBCN/VY:IB/P BCNDME/VY:IB/Q
UT VKOLED/H LEDVKO/H
UN VKOLED/I LEDDME/I
FV DMELED/U LEDSVO/U
SU SVOLED/T LEDSVO/T
S7 DMELED/Q LEDDME/Q
5N SVOARH/H ARHLED/L LEDARH/L ARHSVO/H
HR DMENBC/2B:U9/Q NBCLED/U9/Q LEDKZN/U9/Q KZNVKO/UT/H
U9 DMEKZN/Q KZNLED/Q LEDKZN/Q KZNDME/X
HR DMEULV/7R/N ULVLED/7R/U LEDEGO/7R EGODME/YQ
UT VKOLED/H
UN DMELED/I
UN DMELED/I
HR DMELED/YC/O
S7 DMELED/N
SU SVOLED/T
FV SVOLED/SU:FV/U
UN VKOLED/T
UN VKOLED/T
UN VKOLED/T
UN DMELED/T
FV DMELED/Q
UT VKOGOJ/V GOJLED/V
HR DMEULV/7R/N ULVLED/7R/U
5N SVOARH/H ARHLED/H
U9 DMEKZN/X KZNLED/Q
HR DMEEGO/YQ EGOLED/YQ
HR DMEEGO/YQ EGOLED/7R
UT VKOLED/H
UN DMELED/I
UN DMELED/I
HR DMELED/YC/O
S7 DMELED/N
SU SVOLED/T
FV SVOLED/SU:FV/U
UN VKOLED/T
UN VKOLED/T
UN VKOLED/T
UN DMELED/T
FV DMELED/Q
UT VKOGOJ/V GOJLED/V
HR DMEULV/7R/N ULVLED/7R/U
5N SVOARH/H ARHLED/H
U9 DMEKZN/X KZNLED/Q
HR DMEEGO/YQ EGOLED/YQ
HR DMEEGO/YQ EGOLED/7R
UT VKOLED/H
UN DMELED/I
UN DMELED/I
HR DMELED/YC/O
S7 DMELED/N
SU SVOLED/T
FV SVOLED/SU:FV/U
UN VKOLED/T
UN VKOLED/T
UN VKOLED/T
UN DMELED/T
FV DMELED/Q
UT VKOGOJ/V GOJLED/V
HR DMEULV/7R/N ULVLED/7R/U
5N SVOARH/H ARHLED/H
U9 DMEKZN/X KZNLED/Q
HR DMEEGO/YQ EGOLED/YQ
HR DMEEGO/YQ EGOLED/7R
BT DMERIX/U RIXCDG/U
BT SVORIX/U RIXCDG/U
SK SVOARN/T ARNCDG/T
PS DMEKBP/N KBPCDG/N
PS SVOKBP/N KBPCDG/AF:PS/N
BT SVORIX/SU:BT/W RIXCDG/W
LO SVOWAW/S WAWCDG/S
LO SVOWAW/SU:LO/S WAWCDG/S
B2 DMEMSQ/S MSQCDG/S
9U DMEKIV/V KIVBVA/V
AY SVOHEL/N HELCDG/N
ZI VKOORY/U
UN VKOORY/X
JU SVOBEG/Q BEGCDG/Q
SK SVOARN/SU:SK/K ARNCDG/K
SK SVOCPH/SU:SK/K CPHCDG/K
S7 DMEMUC/Q MUCCDG/LH/S
UN VKOORY/ZI:UN/X
LO SVOWAW/SU:LO/Q WAWCDG/Q
TK VKOIST/T ISTCDG/T
BT SVORIX/Q RIXCDG/Q
S7 DMEMSQ/B2:S7/N MSQCDG/B2/P
FV DMELED/U LEDCDG/S
FV SVOLED/SU:FV/U LEDCDG/S
AB DMETXL/N TXLORY/N
HR DMEBCN/VY/X BCNORY/VY/O
AB DMEVIE/HG/N VIECDG/HG/N
IB DMEBCN/VY:IB/V BCNORY/VY:IB/O
TP DMELIS/S LISORY/W
OK SVOPRG/SU:OK/M PRGCDG/AF:OK/M
AZ SVOBLQ/SU:AZ BLQCDG/AF:AZ
SU SVOCDG/L
KL SVOAMS AMSCDG
AF SVOCDG/A
LX DMEGVA GVACDG/AF:LX
LH VKODUS DUSCDG/EW:LH
OS DMEVIE/VO:OS VIECDG/VO:OS
BA DMELHR LHRORY/O
UX SVOMAD/SU:UX MADORY
UT VKOLED/H LEDVKO/H
UN VKOLED/I LEDDME/I
FV DMELED/U LEDSVO/U
SU SVOLED/T LEDSVO/T
S7 DMELED/Q LEDDME/Q
5N SVOARH/H ARHLED/L LEDARH/L ARHSVO/H
HR DMENBC/2B:U9/Q NBCLED/U9/Q LEDKZN/U9/Q KZNVKO/UT/H
U9 DMEKZN/Q KZNLED/Q LEDKZN/Q KZNDME/X
HR DMEULV/7R/N ULVLED/7R/U LEDEGO/7R EGODME/YQ
UT VKOLED/H LEDVKO/H
UN VKOLED/I LEDDME/I
FV DMELED/U LEDSVO/U
SU SVOLED/T LEDSVO/T
S7 DMELED/Q LEDDME/Q
5N SVOARH/H ARHLED/L LEDARH/L ARHSVO/H
HR DMENBC/2B:U9/Q NBCLED/U9/Q LEDKZN/U9/Q KZNVKO/UT/H
U9 DMEKZN/Q KZNLED/Q LEDKZN/Q KZNDME/X
HR DMEULV/7R/N ULVLED/7R/U LEDEGO/7R EGODME/YQ
UT VKOLED/H LEDVKO/H
UN VKOLED/I LEDVKO/I
FV DMELED/U LEDSVO/U
SU SVOLED/T LEDSVO/T
S7 DMELED/Q LEDDME/Q
HR DMEIWA/7R/N IWALED/7R/N LEDULV/7R/U ULVDME/7R/U
HR DMELED/YC/X LEDDME/YC
5N SVOARH/H ARHLED/L LEDARH/L ARHSVO/H
U9 DMEKZN/Q KZNLED/Q LEDNBC/Q NBCDME/2B:U9/Q
UT VKOLED/H LEDVKO/H
UN VKOLED/I LEDVKO/I
FV DMELED/U LEDSVO/U
SU SVOLED/T LEDSVO/T
S7 DMELED/Q LEDDME/Q
HR DMEIWA/7R/N IWALED/7R/N LEDULV/7R/U ULVDME/7R/U
HR DMELED/YC/X LEDDME/YC
5N SVOARH/H ARHLED/L LEDARH/L ARHSVO/H
U9 DMEKZN/Q KZNLED/Q LEDNBC/Q NBCDME/2B:U9/Q
UT VKOLED/H LEDVKO/H
UN VKOLED/I LEDVKO/I
FV DMELED/U LEDSVO/U
SU SVOLED/T LEDSVO/T
S7 DMELED/Q LEDDME/Q
5N SVOARH/H ARHLED/L LEDARH/L ARHSVO/H
U9 DMEKZN/Q KZNLED/Q LEDKZN/Q KZNDME/Q
HR DMEULV/7R/N ULVLED/7R/N LEDULV/7R/N ULVDME/7R/N
U6 DMESVX/E SVXLED/E LEDOVB/X OVBDME/W
UT VKOLED/H LEDVKO/H
UN VKOLED/I LEDVKO/I
FV DMELED/U LEDSVO/U
SU SVOLED/T LEDSVO/T
S7 DMELED/Q LEDDME/Q
5N SVOARH/H ARHLED/L LEDARH/L ARHSVO/H
U9 DMEKZN/Q KZNLED/Q LEDKZN/Q KZNDME/Q
HR DMEULV/7R/N ULVLED/7R/N LEDULV/7R/N ULVDME/7R/N
U6 DMESVX/E SVXLED/E LEDOVB/X OVBDME/W
UT VKOLED/H LEDVKO/H
UN VKOLED/I LEDVKO/I
FV DMELED/U LEDSVO/U
SU SVOLED/T LEDSVO/T
S7 DMELED/Q LEDDME/Q
HR DMEIWA/7R/N IWALED/7R/N LEDULV/7R/U ULVVKO/UT/V
HR DMELED/YC/X LEDDME/YC
HR DMEIWA/7R/N IWALED/7R/N LEDULV/7R/U ULVDME/7R/N
5N SVOARH/H ARHLED/H LEDARH/L ARHSVO/H
U9 DMEKZN/Q KZNLED/Q LEDKZN/Q KZNDME/X
UT VKOLED/H LEDVKO/H
UT VKOLED/H LEDVKO/H
UN VKOLED/I LEDDME/I
UN VKOLED/I LEDVKO/T
FV DMELED/U LEDSVO/SU:FV/U
S7 DMELED/Q LEDDME/Q
HR DMEULV/7R/N ULVLED/7R/U LEDULV/7R/U ULVDME/7R/N
5N SVOARH/H ARHLED/L LEDARH/H ARHSVO/H
U9 DMEKZN/Q KZNLED/Q LEDKZN/Q KZNDME/Q
HR DMEEGO/YQ EGOLED/YQ LEDVOZ/YQ VOZDME/7R/N
HR DMEEGO/YQ EGOLED/YQ LEDVOZ/YQ VOZDME/YQ
UT VKOLED/H LEDVKO/H
UN VKOLED/I LEDVKO/I
FV DMELED/U LEDSVO/U
SU SVOLED/T LEDSVO/T
S7 DMELED/Q LEDDME/Q
HR DMEIWA/7R/N IWALED/7R/N LEDULV/7R/U ULVVKO/UT/V
HR DMELED/YC/X LEDDME/YC
HR DMEIWA/7R/N IWALED/7R/N LEDULV/7R/U ULVDME/7R/N
5N SVOARH/H ARHLED/L LEDARH/L ARHSVO/H
U9 DMEKZN/Q KZNLED/Q LEDKZN/Q KZNDME/Q
UT VKOLED/H LEDVKO/H
UN VKOLED/I LEDDME/I
FV DMELED/U LEDSVO/U
SU SVOLED/T LEDSVO/T
S7 DMELED/Q LEDDME/Q
5N SVOARH/H ARHLED/L LEDARH/L ARHSVO/H
U9 DMEKZN/Q KZNLED/Q LEDKZN/Q KZNDME/Q
HR DMEULV/7R/N ULVLED/7R/U LEDEGO/7R EGODME/YQ
PS DMEKBP/V KBPCDG/V CDGKBP/AF:PS/J KBPDME/J
PS DMEKBP/V KBPCDG/V CDGKBP/J KBPDME/J
PS SVOKBP/V KBPCDG/AF:PS/V CDGKBP/AF:PS/J KBPDME/J
PS SVOKBP/V KBPCDG/AF:PS/V CDGKBP/J KBPDME/J
PS DMEKBP/V KBPCDG/V CDGKBP/J KBPSVO/J
PS SVOKBP/V KBPCDG/AF:PS/V CDGVIE/VO:OS/W VIEDME/VO:OS/W
PS DMEKBP/V KBPCDG/V CDGVIE/VO:OS/W VIEDME/VO:OS/W
PS SVOKBP/V KBPCDG/AF:PS/V CDGVIE/AF:OS/V VIEDME/VO:OS/V
PS SVOKBP/V KBPCDG/AF:PS/V CDGVIE/VO:OS/V VIEDME/VO:OS/V
PS SVOKBP/V KBPCDG/AF:PS/V CDGVIE/AF:OS/V VIEDME/VO:OS/V
AB DMETXL/W TXLORY/W ORYTXL/E TXLDME/E
SU SVOCDG/R CDGSVO/R
SU SVOCDG/R CDGSVO/R
SU SVOCDG/R CDGSVO/R
SU SVOCDG/R CDGSVO/R
SU SVOCDG/R CDGSVO/R
LH VKODUS/K DUSCDG/EW:LH/K CDGFRA/K FRAVKO/K
B2 DMEMSQ/S MSQCDG/S CDGMSQ/S MSQDME/S
AB DMEVIE/HG/W VIECDG/HG/W CDGVIE/HG/P VIEDME/HG/P
TK VKOIST/W ISTCDG/W CDGIST/W ISTVKO/W
AZ SVOFCO/L FCOCDG/L CDGFCO/O FCOSVO/O
AY SVOHEL/SU:AY/Q HELCDG/BE:AY/Q CDGHEL/Q HELSVO/SU:AY/Q
KL SVOAMS/R AMSCDG/AF:KL/R CDGAMS/AF:KL/R AMSSVO/R
OS DMEVIE/VO:OS/K VIECDG/VO:OS/K CDGVIE/VO:OS/W VIEDME/VO:OS/W
LO SVOWAW/W WAWCDG/W CDGWAW/S WAWSVO/S
OK SVOPRG/U PRGCDG/U CDGPRG/AF:OK/V PRGSVO/V
BT SVORIX/P RIXCDG/P CDGRIX/E RIXSVO/E
AF SVOCDG/SU:AF/V CDGSVO/V
JU SVOBEG/N BEGCDG/N CDGBEG/N BEGSVO/N
UN VKOORY/X ORYVKO/X
ZI VKOORY/U ORYVKO/U
FV SVOLED/SU:FV/U LEDCDG/I CDGLED/X LEDVKO/X
IB DMEBCN/VY:IB/S BCNORY/VY:IB/O ORYBCN/VY:IB/O BCNDME/VY:IB/O
SK HELCPH/KF:SK/T CPHPMI/T
HR HELBCN/VY/Q BCNPMI/VY/P
HR HELBCN/VY/Q BCNPMI/VY/P
SK HELARN/KF:SK/L ARNPMI/L
SK HELOSL/KF:SK/L OSLPMI/L
AY HELMAD/O MADPMI/I2:IB/O
SK HELARN/KF:SK/K ARNPMI/K
LH HELFRA FRAPMI
LH HELMUC MUCFRA FRAPMI
LH HELDUS/EW:LH DUSPMI/DE/B
LH HELFRA FRAPMI/DE/B
AY HELBCN BCNPMI/UX/V
IB HELMAD/AY:IB/BUSINESS/J MADPMI/I2:IB/A
AY HELDUS/BE:AY/BUSINESS/C DUSPMI/DE
AY HELTXL/BE:AY/BUSINESS/C SXFPMI/DE
AY HELHAM/BE:AY/BUSINESS/C HAMPMI/DE
IB HELFRA/AY:IB FRAMAD/I2:IB MADPMI/I2:IB/A
AY HELCDG/BUSINESS/C ORYPMI/UX
SK HELFRA/LH:SK FRAPMI/DE
SK HELFRA/LH:SK FRAPMI/LH
UT VKOLED/H LEDVKO/H
UN VKOLED/I LEDDME/I
FV DMELED/U LEDSVO/U
SU SVOLED/T LEDSVO/T
S7 DMELED/Q LEDDME/Q
5N SVOARH/H ARHLED/L LEDARH/L ARHSVO/H
HR DMEIWA/7R/N IWALED/7R/N LEDEGO/7R EGODME/YQ
HR DMENBC/2B:U9/Q NBCLED/U9/Q LEDKZN/U9/Q KZNVKO/UT/H
U9 DMEKZN/Q KZNLED/Q LEDKZN/Q KZNDME/X
U6 DMEOVB/W OVBLED/T LEDSVX/E SVXDME/E
PS DMEKBP/V KBPCDG/V CDGKBP/AF:PS/J KBPDME/J
PS DMEKBP/V KBPCDG/V CDGKBP/J KBPDME/J
PS SVOKBP/V KBPCDG/V CDGKBP/AF:PS/J KBPDME/J
PS SVOKBP/V KBPCDG/V CDGKBP/J KBPDME/J
PS DMEKBP/V KBPCDG/V CDGKBP/J KBPSVO/J
PS SVOKBP/V KBPCDG/V CDGKBP/J KBPSVO/J
PS SVOKBP/V KBPCDG/V CDGVIE/VO:OS/S VIEDME/VO:OS/S
PS DMEKBP/V KBPCDG/V CDGVIE/VO:OS/S VIEDME/VO:OS/S
PS DMEKBP/J KBPCDG/AF:PS/J CDGKBP/AF:PS/J KBPDME/J
PS DMEKBP/J KBPCDG/AF:PS/J CDGKBP/J KBPDME/J
PS DMEKBP/J KBPCDG/AF:PS/J CDGKBP/J KBPSVO/J
PS SVOKBP/J KBPCDG/AF:PS/J CDGKBP/AF:PS/J KBPDME/J
PS SVOKBP/J KBPCDG/AF:PS/J CDGKBP/J KBPDME/J
PS SVOKBP/V KBPCDG/V CDGVIE/AF:OS/V VIEDME/VO:OS/V
PS SVOKBP/V KBPCDG/V CDGVIE/VO:OS/V VIEDME/VO:OS/V
PS SVOKBP/V KBPCDG/V CDGVIE/AF:OS/V VIEDME/VO:OS/V
PS DMEKBP/V KBPCDG/V CDGVIE/AF:OS/V VIEDME/VO:OS/V
PS DMEKBP/V KBPCDG/V CDGVIE/VO:OS/V VIEDME/VO:OS/V
PS DMEKBP/V KBPCDG/V CDGVIE/AF:OS/V VIEDME/VO:OS/V
AB DMETXL/W TXLORY/W ORYTXL/E TXLDME/E
PS DMEVIE/VO:OS/K VIECDG/VO:OS/K CDGKBP/AF:PS/J KBPDME/J
SU SVOCDG/R CDGSVO/R
SU SVOCDG/R CDGSVO/R
SU SVOCDG/R CDGSVO/R
SU SVOCDG/R CDGSVO/R
SU SVOCDG/R CDGSVO/R
LH VKODUS/K DUSCDG/EW:LH/K CDGFRA/K FRAVKO/K
B2 DMEMSQ/S MSQCDG/S CDGMSQ/S MSQDME/S
AB DMEVIE/HG/W VIECDG/HG/W CDGVIE/HG/P VIEDME/HG/P
TK VKOIST/W ISTCDG/W CDGIST/W ISTVKO/W
AZ SVOFCO/L FCOCDG/L CDGFCO/O FCOSVO/O
OS DMEVIE/VO:OS/K VIECDG/VO:OS/K CDGVIE/VO:OS/S VIEDME/VO:OS/S
AY SVOHEL/SU:AY/Q HELCDG/BE:AY/Q CDGHEL/Q HELSVO/SU:AY/Q
KL SVOAMS/R AMSCDG/AF:KL/R CDGAMS/AF:KL/R AMSSVO/R
LO SVOWAW/W WAWCDG/W CDGWAW/S WAWSVO/S
OK SVOPRG/U PRGCDG/U CDGPRG/AF:OK/V PRGSVO/V
BT SVORIX/P RIXCDG/P CDGRIX/E RIXSVO/E
AF SVOCDG/SU:AF/V CDGSVO/V
JU SVOBEG/N BEGCDG/N CDGBEG/N BEGSVO/N
UN VKOORY/X ORYVKO/X
ZI VKOORY/U ORYVKO/U
FV SVOLED/SU:FV/U LEDCDG/I CDGLED/X LEDVKO/X
IB DMEBCN/VY:IB/S BCNORY/VY:IB/O ORYBCN/VY:IB/O BCNDME/VY:IB/O
PS DMEKBP/V KBPCDG/V CDGKBP/AF:PS/J KBPDME/J
PS DMEKBP/V KBPCDG/V CDGKBP/J KBPDME/J
PS SVOKBP/V KBPCDG/V CDGKBP/AF:PS/J KBPDME/J
PS SVOKBP/V KBPCDG/V CDGKBP/J KBPDME/J
PS DMEKBP/V KBPCDG/V CDGKBP/J KBPSVO/J
PS SVOKBP/V KBPCDG/V CDGKBP/J KBPSVO/J
PS SVOKBP/V KBPCDG/V CDGVIE/VO:OS/T VIEDME/VO:OS/T
PS DMEKBP/V KBPCDG/V CDGVIE/VO:OS/T VIEDME/VO:OS/T
PS SVOKBP/V KBPCDG/V CDGVIE/VO:OS/S VIEDME/VO:OS/S
PS DMEKBP/V KBPCDG/V CDGVIE/VO:OS/S VIEDME/VO:OS/S
PS DMEKBP/J KBPCDG/AF:PS/J CDGKBP/AF:PS/J KBPDME/J
PS DMEKBP/J KBPCDG/AF:PS/J CDGKBP/J KBPDME/J
PS DMEKBP/J KBPCDG/AF:PS/J CDGKBP/J KBPSVO/J
PS SVOKBP/J KBPCDG/AF:PS/J CDGKBP/AF:PS/J KBPDME/J
PS SVOKBP/J KBPCDG/AF:PS/J CDGKBP/J KBPDME/J
PS SVOKBP/V KBPCDG/V CDGVIE/AF:OS/V VIEDME/VO:OS/V
PS SVOKBP/V KBPCDG/V CDGVIE/AF:OS/V VIEDME/VO:OS/V
PS DMEKBP/V KBPCDG/V CDGVIE/AF:OS/V VIEDME/VO:OS/V
PS DMEKBP/V KBPCDG/V CDGVIE/AF:OS/V VIEDME/VO:OS/V
AB DMETXL/W TXLORY/W ORYTXL/E TXLDME/E
PS DMEVIE/VO:OS/K VIECDG/VO:OS/K CDGKBP/AF:PS/J KBPDME/J
SU SVOCDG/R CDGSVO/R
SU SVOCDG/R CDGSVO/R
SU SVOCDG/R CDGSVO/R
SU SVOCDG/R CDGSVO/R
SU SVOCDG/R CDGSVO/R
LH VKODUS/K DUSCDG/EW:LH/K CDGFRA/K FRAVKO/K
B2 DMEMSQ/S MSQCDG/S CDGMSQ/S MSQDME/S
AB DMEVIE/HG/W VIECDG/HG/W CDGVIE/HG/P VIEDME/HG/P
TK VKOIST/W ISTCDG/W CDGIST/W ISTVKO/W
OS DMEVIE/VO:OS/K VIECDG/VO:OS/K CDGVIE/VO:OS/T VIEDME/VO:OS/T
AZ SVOFCO/L FCOCDG/L CDGFCO/O FCOSVO/O
AY SVOHEL/SU:AY/Q HELCDG/BE:AY/Q CDGHEL/Q HELSVO/SU:AY/Q
KL SVOAMS/R AMSCDG/AF:KL/R CDGAMS/AF:KL/R AMSSVO/R
LO SVOWAW/W WAWCDG/W CDGWAW/S WAWSVO/S
OK SVOPRG/U PRGCDG/U CDGPRG/AF:OK/V PRGSVO/V
BT SVORIX/P RIXCDG/P CDGRIX/E RIXSVO/E
AF SVOCDG/SU:AF/V CDGSVO/V
JU SVOBEG/N BEGCDG/N CDGBEG/N BEGSVO/N
LX DMEGVA/T GVACDG/AF:LX/T CDGZRH/WK:LX/Q ZRHDME/Q
UN VKOORY/X ORYVKO/X
ZI VKOORY/U ORYVKO/U
FV SVOLED/SU:FV/U LEDCDG/I CDGLED/X LEDVKO/X
IB DMEBCN/VY:IB/S BCNORY/VY:IB/O ORYBCN/VY:IB/O BCNDME/VY:IB/O
UN VKOLED/I LEDDME/I
UT VKOLED/H LEDVKO/H
UT VKOLED/H LEDVKO/H
FV DMELED/U LEDSVO/U
UN VKOLED/I LEDDME/T
UN VKOLED/I LEDVKO/T
UN VKOLED/I LEDVKO/T
FV DMELED/U LEDSVO/SU:FV/U
FV SVOLED/SU:FV/U LEDSVO/U
S7 DMELED/Q LEDDME/Q
5N SVOARH/H ARHLED/L LEDARH/H ARHSVO/H
HR DMEULV/7R/N ULVLED/7R/U LEDEGO/7R EGODME/YQ
HR VKOKZN/UT/H KZNLED/U9/Q LEDUFA/U9/Q UFADME/S7/N
U9 DMEKZN/Q KZNLED/Q LEDKZN/N KZNDME/X
BA LHRCDG/O
BA LHRORY/O
BA LHRCDG/O
BA LHRORY/O
AF LHRCDG/V
AF LHRCDG/V
AF LCYORY/WX:AF/X
AF LCYORY/WX:AF/X
AB LHRORY/BA:AB/O
AB LHRORY/BA:AB/O
SK LHROSL/T OSLCDG/T
HR LGWBCN/VY/T BCNORY/VY/P
UX LGWMAD/Q MADORY/T
AF LCYORY/WX:AF/E
HR LGWDUB/EI/Z DUBCDG/EI/Z
TP LGWLIS/U LISORY/U
IB LHRBCN/BA:IB/L BCNORY/VY:IB/P
AZ LHRFCO/O FCOCDG/X
LH LHRFRA/V FRACDG/W
OS LHRVIE/VO:OS/S VIECDG/VO:OS/V
AF LHRCDG/A
SN LHRBRU/H BRUCDG/H
BA LHRCDG/BUSINESS/D
YO LCYLUX/LG/A LUXCDG/LG/BUSINESS/C
AY LHRHEL/T HELCDG/T
IB LHRORY/BA:IB
AA LHRORY/BA:AA/BUSINESS/J
IB LHRORY/BA:IB/BUSINESS/J
LX LHRGVA GVACDG/AF:LX
BE LGWNCL/P NCLCDG/AF:BE/W
KL LHRAMS AMSCDG
BA LHRCDG/O
BA LHRORY/O
BA LHRCDG/O
BA LHRORY/O
AF LHRCDG/V
AF LHRCDG/V
AF LCYORY/WX:AF/X
AF LCYORY/WX:AF/X
AB LHRORY/BA:AB/O
AB LHRORY/BA:AB/O
SK LHROSL/T OSLCDG/T
HR LGWBCN/VY/T BCNORY/VY/P
UX LGWMAD/Q MADORY/T
AF LCYORY/WX:AF/E
HR LGWDUB/EI/Z DUBCDG/EI/Z
TP LGWLIS/U LISORY/U
IB LHRBCN/BA:IB/L BCNORY/VY:IB/P
AZ LHRFCO/O FCOCDG/X
LH LHRFRA/V FRACDG/W
OS LHRVIE/VO:OS/S VIECDG/VO:OS/V
AF LHRCDG/A
SN LHRBRU/H BRUCDG/H
BA LHRCDG/BUSINESS/D
YO LCYLUX/LG/A LUXCDG/LG/BUSINESS/C
AY LHRHEL/T HELCDG/T
IB LHRORY/BA:IB
AA LHRORY/BA:AA/BUSINESS/J
IB LHRORY/BA:IB/BUSINESS/J
LX LHRGVA GVACDG/AF:LX
BE LGWNCL/P NCLCDG/AF:BE/W
KL LHRAMS AMSCDG
BA LHRCDG/O
BA LHRORY/O
BA LHRCDG/O
BA LHRORY/O
AF LHRCDG/V
AF LHRCDG/V
AF LCYORY/WX:AF/X
AF LCYORY/WX:AF/X
AB LHRORY/BA:AB/O
AB LHRORY/BA:AB/O
SK LHROSL/T OSLCDG/T
HR LGWBCN/VY/T BCNORY/VY/P
UX LGWMAD/Q MADORY/T
AF LCYORY/WX:AF/E
HR LGWDUB/EI/Z DUBCDG/EI/Z
TP LGWLIS/U LISORY/U
IB LHRBCN/BA:IB/L BCNORY/VY:IB/P
AZ LHRFCO/O FCOCDG/X
LH LHRFRA/V FRACDG/W
OS LHRVIE/VO:OS/S VIECDG/VO:OS/V
AF LHRCDG/A
SN LHRBRU/H BRUCDG/H
BA LHRCDG/BUSINESS/D
YO LCYLUX/LG/A LUXCDG/LG/BUSINESS/C
AY LHRHEL/T HELCDG/T
IB LHRORY/BA:IB
AA LHRORY/BA:AA/BUSINESS/J
IB LHRORY/BA:IB/BUSINESS/J
LX LHRGVA GVACDG/AF:LX
BE LGWNCL/P NCLCDG/AF:BE/W
KL LHRAMS AMSCDG
UN VKOLED/I LEDVKO/I
UN VKOLED/I LEDDME/I
UN DMELED/I LEDVKO/I
UT VKOLED/H LEDVKO/H
UN DMELED/I LEDDME/I
FV DMELED/U LEDSVO/U
SU SVOLED/T LEDSVO/T
S7 DMELED/Q LEDDME/Q
5N SVOARH/H ARHLED/L LEDARH/L ARHSVO/H
HR DMENBC/2B:U9/Q NBCLED/U9/Q LEDKZN/U9/Q KZNVKO/UT/H
U9 DMEKZN/Q KZNLED/Q LEDKZN/Q KZNDME/X
HR DMEULV/7R/N ULVLED/7R/U LEDEGO/7R EGODME/YQ
AF CDGLHR/V LHRCDG/V
AF CDGLHR/V LHRCDG/V
AF ORYLCY/WX:AF/X LHRCDG/V
AF ORYLCY/WX:AF/X LHRCDG/V
AF ORYLCY/WX:AF/R LHRCDG/V
AF CDGLHR/V LHRCDG/E
AF CDGLHR/V LHRCDG/E
AF CDGLHR/E LHRCDG/V
AF ORYLCY/WX:AF/X LHRCDG/E
AF ORYLCY/WX:AF/X LHRCDG/E
AF ORYLIN/VE:AZ/O LINLHR/AZ/O LHRCDG/V
AF CDGLIN/AZ/O LINLHR/XM:AZ/O LHRCDG/V
AF CDGLHR/V LHRCDG/T
AF CDGLHR/V LHRCDG/T
AF ORYLCY/WX:AF/R LHRCDG/E
AF CDGLHR/Q LHRCDG/V
AF ORYLCY/WX:AF/E LHRCDG/V
AF CDGLHR/E LHRCDG/E
AF ORYLCY/WX:AF/X LHRCDG/T
AF ORYLCY/WX:AF/X LHRCDG/T
AF CDGLHR/V LHRCDG/H
AF CDGLHR/V LHRCDG/H
AF ORYLCY/WX:AF/R LHRCDG/T
BA CDGLHR/O LHRORY/N
AF ORYLCY/WX:AF/X LHRCDG/H
AF ORYLCY/WX:AF/X LHRCDG/H
BA CDGLHR/Q LHRORY/N
BA CDGLHR/Q LHRORY/N
BA ORYLHR/O LHRORY/N
BA CDGLHR/O LHRCDG/S
KL CDGAMS/AF:KL/T AMSLCY/AF:KL/T LHRCDG/AF/V
BA CDGLHR/Q LHRCDG/S
BA CDGLHR/Q LHRCDG/S
AB ORYLHR/BA:AB/O LHRORY/BA:AB/N
BA ORYLHR/O LHRCDG/S
SK CDGARN/T ARNLHR/T LHRARN/T ARNCDG/T
LH CDGDUS/K DUSLHR/K LHRMUC/L MUCCDG/L
BA CDGLHR/O LHRORY/L
AZ ORYLIN/VE:AZ/O LINLHR/O LHRLIN/XM:AZ/X LINCDG/AF:AZ/X
KL CDGAMS/AF:KL/T AMSLCY/AF:KL/T LHRAMS/T AMSCDG/T
YO CDGLUX/LG/N LUXLCY/LG/N LCYLUX/LG/S LUXCDG/LG/S
OS CDGVIE/VO:OS/L VIELHR/VO:OS/L LHRVIE/VO:OS/U VIECDG/VO:OS/U
SN CDGBRU/E BRULHR/E LHRBRU/Q BRUCDG/Q
IB ORYLHR/BA:IB LHRORY/BA:IB
AA ORYLHR/BA:AA LHRCDG/BA:AA
AF CDGLHR/V LHRCDG/V
AF CDGLHR/V LHRCDG/V
AF CDGLHR/V LHRCDG/V
AF CDGLHR/V LHRCDG/V
AF CDGLHR/V LHRCDG/V
AF CDGLHR/V LHRCDG/V
AF CDGLHR/V LHRCDG/V
AF CDGLHR/V LHRCDG/V
AF CDGLHR/V LHRCDG/V
AF CDGLHR/V LHRCDG/V
BA ORYLHR/Q LHRCDG/O
BA CDGLHR/N LHRCDG/O
BA CDGLHR/N LHRCDG/O
AZ ORYFCO/AF:AZ/O FCOLCY/CT:AZ/O LHRLIN/VE:AZ/O LINCDG/AF:AZ/O
BA ORYLHR/Q LHRCDG/N
BA CDGLHR/N LHRCDG/N
BA CDGLHR/N LHRCDG/N
LH CDGFRA/K FRALHR/K LHRDUS/K DUSCDG/EW:LH/K
SK CDGOSL/T OSLLHR/T LHROSL/T OSLCDG/T
AB ORYLHR/BA:AB/Q LHRORY/BA:AB/N
HR CDGLUX/LG/A LUXLCY/LG/A LCYLUX/LG/A LUXCDG/LG/A
OS CDGVIE/VO:OS/K VIELHR/VO:OS/K LHRVIE/VO:OS/T VIECDG/VO:OS/T
KL CDGAMS/T AMSLHR/T LHRAMS/T AMSCDG/T
IB ORYLHR/BA:IB LHRORY/BA:IB
AA ORYLHR/BA:AA LHRORY/BA:AA
AB ORYTXL/W TXLORY/W
LH CDGTXL/K TXLCDG/K
AF CDGTXL/V TXLCDG/V
AF CDGTXL/R TXLCDG/V
LH CDGTXL/K TXLDUS/K DUSCDG/EW:LH/K
LH CDGTXL/K TXLDUS/K DUSCDG/EW:LH/K
LH CDGTXL/K TXLMUC/K MUCCDG/K
LH CDGTXL/K TXLVIE/VO:OS/K VIECDG/VO:OS/K
LH CDGTXL/K TXLVIE/VO:OS/K VIECDG/VO:OS/K
LH CDGTXL/K TXLZRH/LX/K ZRHCDG/LX/K
LX CDGZRH/K ZRHTXL/K TXLCDG/LH/K
LX CDGZRH/K ZRHTXL/K TXLCDG/LH/K
LH CDGTXL/K TXLDUS/L DUSCDG/EW:LH/L
LH CDGTXL/K TXLFRA/K FRACDG/K
LH CDGTXL/K TXLMUC/L MUCCDG/L
LH CDGTXL/K TXLMUC/L MUCCDG/L
LH CDGMUC/L MUCTXL/L TXLCDG/K
LH CDGMUC/L MUCTXL/L TXLCDG/K
LH CDGTXL/K TXLDUS/T DUSCDG/T
LH CDGTXL/K TXLFRA/L FRACDG/L
LH CDGFRA/L FRATXL/L TXLCDG/K
LH CDGFRA/L FRATXL/L TXLCDG/K
KL CDGAMS/AF:KL/G AMSTXL/G TXLCDG/AF/V
AF CDGTXL/V TXLAMS/KL/G AMSCDG/AF:KL/G
KL CDGAMS/AF:KL/G AMSTXL/G TXLCDG/AF/V
OS CDGVIE/VO:OS/K VIETXL/VO:OS/K TXLVIE/VO:OS/K VIECDG/VO:OS/K
LX CDGZRH/K ZRHTXL/K TXLZRH/K ZRHCDG/K
SK CDGCPH/T CPHTXL/T TXLOSL/T OSLCDG/T
KL CDGAMS/AF:KL/G AMSTXL/G TXLAMS/G AMSCDG/AF:KL/G
HR CDGLUX/LG/A LUXTXL/LG/A TXLLUX/LG/A LUXCDG/LG/A
BA ORYLHR/N LHRTXL/O TXLLHR/O LHRCDG/Q
BT CDGRIX/U RIXTXL/U TXLRIX/U RIXCDG/U
IB ORYBCN/VY:IB/L BCNTXL/VY:IB/O TXLBCN/VY:IB/P BCNORY/VY:IB/M
HR ORYBCN/VY/V BCNTXL/VY/Q TXLBCN/VY/P BCNORY/VY/M
JL CDGTXL/AF:JL/O TXLCDG/AF:JL/O
AA ORYLHR/BA:AA LHRTXL/BA:AA TXLLHR/BA:AA LHRORY/BA:AA/BUSINESS/J
SU CDGSVO/B SVOSXF/B SXFSVO/B SVOCDG/B
AY CDGHEL HELTXL/BE:AY TXLHEL/BE:AY/BUSINESS/C HELCDG
TK CDGIST ISTTXL TXLIST ISTCDG
AB ORYTXL/W TXLORY/W
LH CDGTXL/K TXLCDG/K
AF CDGTXL/V TXLCDG/V
AF CDGTXL/R TXLCDG/V
LH CDGTXL/K TXLDUS/K DUSCDG/EW:LH/K
LH CDGTXL/K TXLDUS/K DUSCDG/EW:LH/K
LH CDGTXL/K TXLDUS/K DUSCDG/K
LH CDGTXL/K TXLMUC/K MUCCDG/K
LH CDGTXL/K TXLMUC/K MUCCDG/K
LH CDGTXL/K TXLVIE/VO:OS/K VIECDG/VO:OS/K
LH CDGTXL/K TXLZRH/LX/K ZRHCDG/LX/K
LX CDGZRH/K ZRHTXL/K TXLCDG/LH/K
LX CDGZRH/K ZRHTXL/K TXLCDG/LH/K
LH CDGTXL/K TXLFRA/K FRACDG/K
LH CDGTXL/K TXLMUC/L MUCCDG/L
LH CDGTXL/K TXLMUC/L MUCCDG/L
LH CDGMUC/L MUCTXL/L TXLCDG/K
LH CDGMUC/L MUCTXL/L TXLCDG/K
LH CDGFRA/L FRATXL/L TXLCDG/K
LH CDGFRA/L FRATXL/L TXLCDG/K
KL CDGAMS/AF:KL/G AMSTXL/G TXLCDG/AF/V
AF CDGTXL/V TXLAMS/KL/G AMSCDG/AF:KL/G
KL CDGAMS/AF:KL/G AMSTXL/G TXLCDG/AF/V
OS CDGVIE/VO:OS/K VIETXL/VO:OS/K TXLVIE/VO:OS/K VIECDG/VO:OS/K
LX CDGZRH/K ZRHTXL/K TXLZRH/K ZRHCDG/K
SK CDGCPH/T CPHTXL/T TXLOSL/T OSLCDG/T
KL CDGAMS/AF:KL/G AMSTXL/G TXLAMS/G AMSCDG/AF:KL/G
HR CDGLUX/LG/A LUXTXL/LG/A TXLLUX/LG/A LUXCDG/LG/A
BA ORYLHR/N LHRTXL/O TXLLHR/O LHRCDG/Q
BT CDGRIX/U RIXTXL/U TXLRIX/U RIXCDG/U
IB ORYBCN/VY:IB/L BCNTXL/VY:IB/O TXLBCN/VY:IB/P BCNORY/VY:IB/M
HR ORYBCN/VY/V BCNTXL/VY/Q TXLBCN/VY/P BCNORY/VY/M
JL CDGTXL/AF:JL/O TXLCDG/AF:JL/O
AA ORYLHR/BA:AA LHRTXL/BA:AA TXLLHR/BA:AA LHRORY/BA:AA/BUSINESS/J
SU CDGSVO/B SVOSXF/B SXFSVO/B SVOCDG/B
AY CDGHEL HELTXL/BE:AY TXLHEL/BE:AY/BUSINESS/C HELCDG
TK CDGIST ISTTXL TXLIST ISTCDG
AB ORYTXL/W TXLORY/W
LH CDGTXL/K TXLCDG/K
AF CDGTXL/V TXLCDG/V
AF CDGTXL/R TXLCDG/V
LH CDGTXL/K TXLDUS/K DUSCDG/EW:LH/K
LH CDGTXL/K TXLDUS/K DUSCDG/EW:LH/K
LH CDGTXL/K TXLDUS/K DUSCDG/K
LH CDGTXL/K TXLMUC/K MUCCDG/K
LH CDGTXL/K TXLMUC/K MUCCDG/K
LH CDGTXL/K TXLVIE/VO:OS/K VIECDG/VO:OS/K
LH CDGTXL/K TXLZRH/LX/K ZRHCDG/LX/K
LX CDGZRH/K ZRHTXL/K TXLCDG/LH/K
LX CDGZRH/K ZRHTXL/K TXLCDG/LH/K
LH CDGTXL/K TXLFRA/K FRACDG/K
LH CDGTXL/K TXLMUC/L MUCCDG/L
LH CDGTXL/K TXLMUC/L MUCCDG/L
LH CDGMUC/L MUCTXL/L TXLCDG/K
LH CDGMUC/L MUCTXL/L TXLCDG/K
LH CDGFRA/L FRATXL/L TXLCDG/K
LH CDGFRA/L FRATXL/L TXLCDG/K
KL CDGAMS/AF:KL/G AMSTXL/G TXLCDG/AF/V
AF CDGTXL/V TXLAMS/KL/G AMSCDG/AF:KL/G
KL CDGAMS/AF:KL/G AMSTXL/G TXLCDG/AF/V
OS CDGVIE/VO:OS/K VIETXL/VO:OS/K TXLVIE/VO:OS/K VIECDG/VO:OS/K
LX CDGZRH/K ZRHTXL/K TXLZRH/K ZRHCDG/K
SK CDGCPH/T CPHTXL/T TXLOSL/T OSLCDG/T
KL CDGAMS/AF:KL/G AMSTXL/G TXLAMS/G AMSCDG/AF:KL/G
HR CDGLUX/LG/A LUXTXL/LG/A TXLLUX/LG/A LUXCDG/LG/A
BA ORYLHR/N LHRTXL/O TXLLHR/O LHRCDG/Q
BT CDGRIX/U RIXTXL/U TXLRIX/U RIXCDG/U
IB ORYBCN/VY:IB/L BCNTXL/VY:IB/O TXLBCN/VY:IB/P BCNORY/VY:IB/M
HR ORYBCN/VY/V BCNTXL/VY/Q TXLBCN/VY/P BCNORY/VY/M
JL CDGTXL/AF:JL/O TXLCDG/AF:JL/O
AA ORYLHR/BA:AA LHRTXL/BA:AA TXLLHR/BA:AA LHRORY/BA:AA/BUSINESS/J
SU CDGSVO/B SVOSXF/B SXFSVO/B SVOCDG/B
AY CDGHEL HELTXL/BE:AY TXLHEL/BE:AY/BUSINESS/C HELCDG
TK CDGIST ISTTXL TXLIST ISTCDG
AB ORYTXL/W TXLORY/E
AB ORYTXL/W TXLORY/E
LH CDGTXL/K TXLCDG/T
AF CDGTXL/V TXLCDG/N
AB ORYTXL/W TXLORY/O
AB ORYTXL/W TXLORY/O
LH CDGTXL/K TXLDUS/K DUSCDG/EW:LH/K
AF CDGTXL/R TXLCDG/N
AF CDGTXL/R TXLCDG/N
LH CDGTXL/K TXLFRA/K FRACDG/K
LH CDGTXL/K TXLDUS/L DUSCDG/EW:LH/L
AF CDGTXL/V TXLCDG/E
AF CDGTXL/R TXLCDG/E
AF CDGTXL/R TXLCDG/E
LH CDGTXL/K TXLMUC/T MUCCDG/T
LH CDGTXL/K TXLFRA/T FRACDG/T
OS CDGVIE/VO:OS/K VIETXL/VO:OS/K TXLCDG/LH/T
LH CDGMUC/K MUCTXL/K TXLCDG/T
LH CDGMUC/L MUCTXL/L TXLCDG/T
LH CDGTXL/K TXLFRA/S FRACDG/S
LH CDGTXL/K TXLFRA/S FRACDG/S
LH CDGMUC/CL:LH/T MUCTXL/T TXLCDG/T
LH CDGMUC/T MUCTXL/T TXLCDG/T
KL CDGAMS/G AMSTXL/G TXLCDG/AF/N
KL CDGAMS/AF:KL/G AMSTXL/G TXLCDG/AF/N
LH CDGFRA/T FRATXL/T TXLCDG/T
LH CDGTXL/K TXLFRA/W FRACDG/W
OS CDGVIE/VO:OS/K VIETXL/VO:OS/K TXLMUC/LH/T MUCCDG/LH/T
LH CDGMUC/K MUCTXL/K TXLMUC/T MUCCDG/T
LX CDGZRH/L ZRHTXL/L TXLZRH/L ZRHCDG/L
SK CDGARN/T ARNTXL/T TXLOSL/T OSLCDG/T
KL CDGAMS/G AMSTXL/G TXLAMS/G AMSCDG/AF:KL/G
OS CDGVIE/VO:OS/K VIETXL/VO:OS/K TXLVIE/4U:OS/W VIECDG/AF:OS/W
HR CDGLUX/LG/N LUXTXL/LG/N TXLLUX/LG/A LUXCDG/LG/A
BA CDGLHR/Q LHRTXL/Q TXLLHR/N LHRORY/N
HR CDGDUB/EI/W DUBSXF/EI/W SXFDUB/EI/Z DUBCDG/EI/W
HR ORYBCN/VY/P BCNTXL/VY/P TXLBCN/VY/L BCNORY/VY/R
BT CDGRIX/U RIXTXL/U TXLRIX/W RIXCDG/E
IB ORYBCN/VY:IB/P BCNTXL/VY:IB/P TXLBCN/VY:IB/M BCNORY/VY:IB/Z
SN CDGBRU/E BRUTXL/E TXLBRU/Q BRUCDG/Q
AA ORYLHR/BA:AA LHRTXL/BA:AA TXLLHR/BA:AA LHRORY/BA:AA
AY CDGHEL HELTXL TXLHEL/BE:AY/BUSINESS/C HELCDG
TK CDGIST ISTTXL TXLIST ISTCDG
BA LHRCDG/O
BA LHRORY/O
BA LHRCDG/O
BA LHRORY/O
AF LHRCDG/V
AF LHRCDG/V
AF LCYORY/WX:AF/X
AF LCYORY/WX:AF/X
AB LHRORY/BA:AB/O
AB LHRORY/BA:AB/O
SK LHROSL/T OSLCDG/T
SK LHRARN/T ARNCDG/T
HR LGWBCN/VY/T BCNORY/VY/P
UX LGWMAD/Q MADORY/T
AF LCYORY/WX:AF/E
HR LGWDUB/EI/Z DUBCDG/EI/Z
TP LGWLIS/U LISORY/U
IB LHRBCN/BA:IB/L BCNORY/VY:IB/P
AZ LCYFCO/CT:AZ/O FCOCDG/X
LH LHRFRA/V FRACDG/W
OS LHRVIE/VO:OS/S VIECDG/VO:OS/V
AF LHRCDG/A
SN LHRBRU/H BRUCDG/H
BA LHRCDG/BUSINESS/D
YO LCYLUX/LG/A LUXCDG/LG/BUSINESS/C
AY LHRHEL/T HELCDG/T
IB LHRORY/BA:IB
AA LHRORY/BA:AA/BUSINESS/J
IB LHRORY/BA:IB/BUSINESS/J
LX LHRGVA GVACDG/AF:LX
BE LGWNCL/P NCLCDG/AF:BE/W
KL LHRAMS AMSCDG
BA LHRCDG/O
BA LHRORY/O
BA LHRCDG/O
BA LHRORY/O
AF LHRCDG/V
AF LHRCDG/V
AF LCYORY/WX:AF/X
AF LCYORY/WX:AF/X
AB LHRORY/BA:AB/O
AB LHRORY/BA:AB/O
SK LHROSL/T OSLCDG/T
SK LHRARN/T ARNCDG/T
HR LGWBCN/VY/T BCNORY/VY/P
UX LGWMAD/Q MADORY/T
AF LCYORY/WX:AF/E
HR LGWDUB/EI/Z DUBCDG/EI/Z
TP LGWLIS/U LISORY/U
IB LHRBCN/BA:IB/L BCNORY/VY:IB/P
AZ LCYFCO/CT:AZ/O FCOCDG/X
LH LHRFRA/V FRACDG/W
OS LHRVIE/VO:OS/S VIECDG/VO:OS/V
AF LHRCDG/A
SN LHRBRU/H BRUCDG/H
YO LCYLUX/LG/A LUXCDG/LG/BUSINESS/C
BA LHRCDG/BUSINESS/D
AY LHRHEL/T HELCDG/T
IB LHRORY/BA:IB
AA LHRORY/BA:AA/BUSINESS/J
IB LHRORY/BA:IB/BUSINESS/J
LX LHRGVA GVACDG/AF:LX
KL LHRAMS AMSCDG
BE LGWNCL/P NCLCDG/AF:BE/W
FI LHRKEF/U KEFJFK/U JFKKEF/U KEFLGW/U
HR LGWDUB/EI/Z DUBJFK/EI/S JFKDUB/EI/S DUBLGW/EI/Z
HR LGWDUB/EI/Z DUBJFK/EI/S JFKDUB/EI/S DUBLHR/EI/Z
HR LHRDUB/EI/Z DUBJFK/EI/S JFKDUB/EI/S DUBLGW/EI/Z
HR LHRDUB/EI/Z DUBJFK/EI/S JFKDUB/EI/S DUBLHR/EI/Z
HR LGWDUB/EI/Z DUBJFK/EI/V JFKLHR/KU/H
HR LHRDUB/EI/Z DUBJFK/EI/V JFKLHR/KU/H
DL LHRJFK/VS:DL/H EWRLHR/VS:DL/H
DL LHRJFK/VS:DL/H JFKLHR/VS:DL/H
DL LHREWR/VS:DL/H EWRLHR/VS:DL/H
DL LHRJFK/VS:DL/H JFKLHR/DL:AF/K
DL LHRJFK/VS:DL/H JFKLHR/H
DL LHRJFK/VS:DL/H JFKLHR/DL:KL/K
DL LHREWR/VS:DL/H JFKLHR/VS:DL/H
AF LHRJFK/DL:AF/K JFKLHR/DL:AF/K
KL LHRJFK/DL:KL/K JFKLHR/DL:KL/K
UA LHREWR/M EWRLHR/M
LH LHREWR/UA:LH/M EWRLHR/UA:LH/M
LX LHRGVA/M GVAJFK/M EWRGVA/UA:LX/M GVALHR/M
SN LHRBRU/M BRUJFK/M EWRBRU/UA:SN/M BRULHR/M
OS LHRVIE/VO:OS/M VIEJFK/VO:OS/M JFKVIE/VO:OS/M VIELHR/VO:OS/M
AA LHREWR/BA:AA EWRLHR/BA:AA
AZ LHRFCO/H FCOJFK/H JFKFCO/H FCOLCY/CT:AZ/H
VS LHRJFK EWRLHR
BA LHRJFK EWRLHR
AY LHRJFK/BA:AY JFKLHR/BA:AY
IB LHRJFK/BA:IB EWRLHR/BA:IB
TP LHRLIS/K LISEWR/U EWRLIS/UA:TP/M LISLHR/M
PS DMEKBP/V KBPCDG/V CDGKBP/V KBPDME/V
PS SVOKBP/V KBPCDG/V CDGKBP/V KBPSVO/V
PS DMEKBP/V KBPCDG/V CDGKBP/V KBPSVO/V
PS SVOKBP/V KBPCDG/V CDGKBP/V KBPDME/V
PS DMEKBP/V KBPCDG/V CDGKBP/AF:PS/J KBPDME/J
PS DMEKBP/J KBPCDG/AF:PS/J CDGKBP/V KBPDME/V
PS DMEKBP/J KBPCDG/AF:PS/J CDGKBP/V KBPSVO/V
PS SVOKBP/V KBPCDG/V CDGKBP/AF:PS/J KBPDME/J
PS DMEKBP/V KBPCDG/V CDGKBP/AF:PS/J KBPSVO/J
PS SVOKBP/J KBPCDG/AF:PS/J CDGKBP/V KBPDME/V
PS SVOKBP/J KBPCDG/AF:PS/J CDGKBP/V KBPSVO/V
PS SVOKBP/V KBPCDG/V CDGKBP/AF:PS/J KBPSVO/J
PS DMEVIE/VO:OS/K VIECDG/VO:OS/K CDGKBP/V KBPDME/V
PS DMEVIE/VO:OS/K VIECDG/VO:OS/K CDGKBP/V KBPDME/V
PS DMEVIE/VO:OS/K VIECDG/AF:OS/K CDGKBP/V KBPDME/V
PS DMEVIE/VO:OS/K VIECDG/VO:OS/K CDGKBP/V KBPSVO/V
PS DMEVIE/VO:OS/K VIECDG/VO:OS/K CDGKBP/V KBPSVO/V
PS DMEVIE/VO:OS/K VIECDG/AF:OS/K CDGKBP/V KBPSVO/V
PS DMEKBP/V KBPCDG/V CDGVIE/AF:OS/T VIEDME/VO:OS/T
PS SVOKBP/V KBPCDG/V CDGVIE/AF:OS/T VIEDME/VO:OS/T
PS DMEKBP/V KBPCDG/V CDGVIE/AF:OS/V VIEDME/VO:OS/V
PS SVOKBP/V KBPCDG/V CDGVIE/AF:OS/V VIEDME/VO:OS/V
KL SVOAMS/G AMSCDG/G CDGAMS/V AMSSVO/V
KL SVOAMS/G AMSCDG/G CDGAMS/AF:KL/V AMSSVO/V
AY SVOHEL/R HELCDG/R CDGHEL/R HELSVO/R
LO SVOWAW/W WAWCDG/W CDGWAW/L WAWSVO/L
LH VKODUS/K DUSCDG/EW:LH/K CDGMUC/K MUCDME/K
SU SVOCDG/R CDGSVO/R
SU SVOCDG/R CDGSVO/R
OK SVOPRG/N PRGCDG/N CDGPRG/N PRGSVO/N
TK VKOIST/W ISTCDG/W CDGIST/W ISTVKO/W
OS DMEVIE/VO:OS/K VIECDG/VO:OS/K CDGVIE/AF:OS/T VIEDME/VO:OS/T
AB DMEVIE/HG/W VIECDG/HG/W CDGVIE/HG/O VIEDME/HG/O
BT SVORIX/U RIXCDG/U CDGRIX/W RIXSVO/W
AZ SVOFCO/L FCOCDG/L CDGVCE/AF:AZ/W VCESVO/SU:AZ/W
AF SVOCDG/V CDGSVO/V
AF SVOCDG/V CDGSVO/V
AF SVOCDG/V CDGSVO/V
AF SVOCDG/V CDGSVO/V
AF SVOCDG/V CDGSVO/V
AF SVOCDG/V CDGSVO/V
JU SVOBEG/N BEGCDG/N CDGBEG/N BEGSVO/N
UN DMEORY/I ORYVKO/I
FV DMELED/X LEDCDG/AF:FV/X CDGLED/I LEDVKO/U
ZI DMEORY/UN:ZI/U ORYVKO/U
IB DMEBCN/VY:IB/O BCNORY/VY:IB/P ORYBCN/VY:IB/Q BCNDME/VY:IB/O
UT VKOLED/H LEDVKO/H
UT VKOLED/H LEDVKO/H
UN VKOLED/I LEDVKO/I
FV DMELED/U LEDSVO/U
SU SVOLED/T LEDSVO/T
S7 DMELED/Q LEDDME/Q
SU SVOARH/5N/H ARHLED/FV:SU/N LEDARH/FV:SU/N ARHSVO/5N/W
5N SVOARH/H ARHLED/L LEDARH/L ARHSVO/W
U9 DMEKZN/Q KZNLED/Q LEDKZN/Q KZNDME/Q
HR DMEULV/7R/N ULVLED/7R/U LEDULV/7R/U ULVDME/7R/N
HR DMEEGO/YQ EGOLED/YQ LEDVOZ/YQ VOZDME/7R/N
HR DMEEGO/YQ EGOLED/YQ LEDVOZ/YQ VOZDME/YQ
UT VKOLED/H LEDVKO/H
UT VKOLED/H LEDVKO/H
UN VKOLED/I LEDVKO/I
FV DMELED/U LEDSVO/U
SU SVOLED/T LEDSVO/T
S7 DMELED/Q LEDDME/Q
SU SVOARH/5N/H ARHLED/FV:SU/N LEDARH/FV:SU/N ARHSVO/5N/W
5N SVOARH/H ARHLED/L LEDARH/L ARHSVO/W
U9 DMEKZN/Q KZNLED/Q LEDKZN/Q KZNDME/Q
HR DMEULV/7R/N ULVLED/7R/U LEDULV/7R/U ULVDME/7R/N
HR DMEEGO/YQ EGOLED/YQ LEDVOZ/YQ VOZDME/7R/N
HR DMEEGO/YQ EGOLED/YQ LEDVOZ/YQ VOZDME/YQ
BT SVORIX/P RIXCDG/P
SK SVOCPH/T CPHCDG/T
BT SVORIX/SU:BT/W RIXCDG/W
PS DMEKBP/N KBPCDG/N
PS SVOKBP/N KBPCDG/AF:PS/N
LO SVOWAW/SU:LO/S WAWCDG/S
AY SVOHEL/N HELCDG/N
BT SVORIX/E RIXCDG/E
SK SVOARN/SU:SK/K ARNCDG/K
JU SVOBEG/Q BEGCDG/Q
ZI VKOORY/U
ZI DMEORY/UN:ZI/U
PS SVOKBP/V KBPCDG/V
PS SVOKBP/V KBPCDG/AF:PS/V
UN DMEORY/X
KM DMEMLA/W MLAORY/S
UN VKOORY/ZI:UN/X
TK VKOIST/T ISTCDG/T
S7 DMEMUC/S MUCCDG/LH/S
FV SVOLED/U LEDCDG/AF:FV/S
FV SVOLED/SU:FV/U LEDCDG/S
HR DMEBCN/VY/X BCNORY/VY/W
IB DMEBCN/VY:IB/V BCNORY/VY:IB/Q
IB DMEBCN/VY:IB/V BCNORY/VY:IB/N
HR DMEBCN/VY/X BCNORY/VY/T
TP DMELIS/S LISORY/U
OK SVOPRG/M PRGCDG/M
OK SVOPRG/SU:OK/M PRGCDG/M
SU SVOCDG/L
AZ SVOBLQ/SU:AZ BLQCDG/AF:AZ
AZ SVOVCE/SU:AZ VCECDG/AF:AZ
AZ SVOMXP/SU:AZ LINORY/VE:AZ
AZ SVOMXP/SU:AZ LINCDG/AF:AZ
AZ SVOFCO/SU:AZ FCOORY/AF:AZ
AZ SVOFCO FCOCDG
KL SVOAMS AMSCDG
KL SVOAMS/SU:KL AMSCDG
AB DMEDUS/W DUSCDG/AF/BUSINESS/Z
AF SVOCDG/A
AF SVOCDG/SU:AF/A
AF SVOCDG/SU:AF/A
LX DMEGVA GVACDG/AF:LX
LX DMEZRH ZRHCDG
OS DMEVIE/VO:OS VIECDG/VO:OS
LH DMEMUC MUCCDG
BA DMELHR LHRORY/O
AB DMEVIE/HG/O VIECDG/VO:OS/W
UX SVOMAD/SU:UX MADORY
SU GOJSVO/T SVOKZN/T
S7 GOJDME/O DMEKZN/O
UT GOJVKO/H VKOKZN/H
UT GOJVKO/H VKOKZN/H
HR GOJDME/S7/R DMEKZN/U9/Q
SU GOJSVO/T SVOLED/T LEDKZN/FV:SU/T
SU GOJSVO/T SVOLED/T LEDKZN/FV:SU/T
SU GOJSVO/T VKOLED/FV:SU/T LEDKZN/FV:SU/T
HR GOJDME/S7/O DMELED/GH:S7/O LEDKZN/U9/Q
HR GOJDME/S7/O DMESVX/S7/O SVXKZN/7R/Q
HR GOJSVX/7R/K SVXKZN/7R/Q
HR GOJDME/S7/R DMESVX/UN SVXKZN/7R/Q
HR GOJSVX/7R/K SVXDME/U6/M DMEKZN/U9/Q
SU GOJSVO/B DMEKZN/U9
S7 GOJDME SVOKZN/SU/B
SU GOJSVO/B DMELED/FV LEDKZN/FV
SU GOJSVO/B DMEKZN/S7
SU GOJSVO/B SVOKRR/B KRRKZN/U9
SU GOJSVO/B SVOLED/B LEDKZN/U9
SU GOJSVO/B SVOASF/B ASFKZN/U9
SU GOJSVO/B SVOLED/B LEDKZN/FV
BT DMERIX/P RIXCDG/P
BT SVORIX/P RIXCDG/P
BT SVORIX/P RIXCDG/P
BT DMERIX/Z RIXCDG/Z
BT SVORIX/Z RIXCDG/Z
SK SVOARN/T ARNCDG/T
SK SVOCPH/T CPHCDG/T
PS DMEKBP/N KBPCDG/N
BT SVORIX/SU:BT/W RIXCDG/W
PS SVOKBP/N KBPCDG/AF:PS/N
LO SVOWAW/SU:LO/S WAWCDG/S
LO SVOWAW/S WAWCDG/S
B2 DMEMSQ/S MSQCDG/S
LO SVOWAW/SU:LO/S WAWCDG/S
AY SVOHEL/N HELCDG/BE:AY/N
SK SVOARN/SU:SK/K ARNCDG/K
SK SVOARN/SU:SK/K ARNCDG/K
JU SVOBEG/Q BEGCDG/Q
ZI VKOORY/U
SK SVOCPH/SU:SK/K CPHCDG/K
UN VKOORY/X
UN VKOORY/ZI:UN/X
TK VKOIST/T ISTCDG/T
UN DMEVIE/V VIECDG/VO:OS/E
AY SVOHEL/V HELCDG/V
S7 DMEMSQ/B2:S7/N MSQCDG/B2/P
FV DMELED/U LEDCDG/S
AB DMETXL/N TXLORY/N
IB DMEBCN/VY:IB/V BCNORY/VY:IB/O
HR DMEBCN/VY/X BCNORY/VY/Q
FV SVOLED/SU:FV/U LEDCDG/S
AB DMEVIE/HG/N VIECDG/HG/N
IB DMEMAD/M MADORY/S
TP DMELIS/S LISORY/U
OK SVOPRG/SU:OK/M PRGCDG/AF:OK/M
OK SVOPRG/M PRGCDG/M
AT SVOCMN CMNORY
SU SVOCDG/L
AZ SVOBLQ/SU:AZ BLQCDG/AF:AZ
AZ SVOVCE/SU:AZ VCECDG/AF:AZ
AZ SVOMXP/SU:AZ LINORY/VE:AZ
AZ SVOMXP/SU:AZ LINCDG/AF:AZ
AZ SVOFCO/SU:AZ FCOORY/AF:AZ
AZ SVOFCO FCOCDG
KL SVOAMS AMSCDG
KL SVOAMS/SU:KL AMSCDG/AF:KL
AB DMEDUS/E DUSCDG/AF/BUSINESS/Z
AF SVOCDG/A
AF SVOCDG/SU:AF/A
AF SVOCDG/SU:AF/A
LX DMEGVA GVACDG/AF:LX
LH VKODUS DUSCDG/EW:LH
OS DMEVIE/VO:OS VIECDG/VO:OS
LY DMETLV/K TLVCDG/M
BA DMELHR LHRORY/O
AF SVOCDG/SU:AF/W
S7 DMEVIE/HG:S7/O VIECDG/VO:OS
UX SVOMAD/SU:UX MADORY
FV DMELED/U LEDSVO/U
FV DMELED/U LEDSVO/U
UT VKOLED/H LEDVKO/H
UN VKOLED/I LEDDME/I
SU SVOLED/T LEDSVO/T
S7 DMELED/Q LEDDME/Q
SU SVOARH/5N/H ARHLED/5N:SU/N LEDARH/FV:SU/N ARHSVO/5N/H
5N SVOARH/H ARHLED/L LEDARH/L ARHSVO/H
U9 DMEKZN/Q KZNLED/Q LEDKZN/Q KZNDME/Q
HR DMEULV/7R/N ULVLED/7R/U LEDEGO/7R EGODME/YQ
U6 DMESVX/E SVXLED/E LEDSVX/E SVXDME/E
FV DMELED/U LEDSVO/U
FV DMELED/U LEDSVO/U
UT VKOLED/H LEDVKO/H
UN VKOLED/I LEDDME/I
SU SVOLED/T LEDSVO/T
S7 DMELED/Q LEDDME/Q
SU SVOARH/5N/H ARHLED/5N:SU/N LEDARH/FV:SU/N ARHSVO/5N/H
5N SVOARH/H ARHLED/L LEDARH/L ARHSVO/H
U9 DMEKZN/Q KZNLED/Q LEDKZN/Q KZNDME/Q
HR DMEULV/7R/N ULVLED/7R/U LEDEGO/7R EGODME/YQ
U6 DMESVX/E SVXLED/E LEDSVX/E SVXDME/E
FV DMELED/U LEDSVO/U
FV DMELED/U LEDSVO/U
UT VKOLED/H LEDVKO/H
UN VKOLED/I LEDDME/I
SU SVOLED/T LEDSVO/T
S7 DMELED/Q LEDDME/Q
SU SVOARH/5N/H ARHLED/5N:SU/N LEDARH/FV:SU/N ARHSVO/5N/H
5N SVOARH/H ARHLED/L LEDARH/L ARHSVO/H
U9 DMEKZN/Q KZNLED/Q LEDKZN/Q KZNDME/Q
HR DMEULV/7R/N ULVLED/7R/U LEDEGO/7R EGODME/YQ
U6 DMESVX/E SVXLED/E LEDSVX/E SVXDME/E
FV DMELED/U CDGBSL/AN:AF/B
FV DMELED/U CDGBSL/AN:AF/B
FV SVOLED/SU:FV/U CDGBSL/AN:AF/B
B2 DMEMSQ/P MSQLED/P CDGBSL/AN:AF/B
AB DMETXL/P TXLLED/P CDGBSL/AN:AF/B
AB DMETXL/P TXLLED/P CDGBSL/AN:AF/B
BT SVORIX/Z RIXLED/A CDGBSL/AN:AF/B
BT SVORIX/SU:BT/Z RIXLED/A CDGBSL/AN:AF/B
OS DMEVIE/VO:OS VIELED/VO:OS CDGVIE/AF:OS VIEBSL/VO:OS
LH DMEMUC MUCLED CDGMUC MUCBSL/CL:LH
UT VKOLED/H LEDVKO/H
UN VKOLED/I LEDVKO/I
FV DMELED/U LEDSVO/U
SU SVOLED/T LEDSVO/T
S7 DMELED/Q LEDDME/Q
HR DMELED/YC/X LEDDME/YC
HR DMEIWA/7R/N IWALED/7R/N LEDULV/7R/U ULVDME/7R/N
5N SVOARH/H ARHLED/L LEDARH/L ARHSVO/H
U9 DMEKZN/Q KZNLED/Q LEDKZN/Q KZNDME/Q
UT VKOLED/H LEDVKO/H
UN VKOLED/I LEDVKO/I
FV DMELED/U LEDSVO/U
SU SVOLED/T LEDSVO/T
S7 DMELED/Q LEDDME/Q
HR DMELED/YC/X LEDDME/YC
SU SVOARH/5N/H ARHLED/5N:SU/N LEDARH/FV:SU/N ARHSVO/5N/H
HR DMEIWA/7R/N IWALED/7R/N LEDULV/7R/U ULVDME/7R/N
5N SVOARH/H ARHLED/L LEDARH/L ARHSVO/H
U9 DMEKZN/Q KZNLED/Q LEDKZN/Q KZNDME/Q
UT VKOLED/H LEDVKO/H
UN VKOLED/I LEDVKO/I
FV DMELED/U LEDSVO/U
SU SVOLED/T LEDSVO/T
S7 DMELED/Q LEDDME/Q
HR DMELED/YC/X LEDDME/YC
SU SVOARH/5N/H ARHLED/5N:SU/N LEDARH/FV:SU/N ARHSVO/5N/H
HR DMEIWA/7R/N IWALED/7R/N LEDULV/7R/U ULVDME/7R/N
5N SVOARH/H ARHLED/L LEDARH/L ARHSVO/H
U9 DMEKZN/Q KZNLED/Q LEDKZN/Q KZNDME/Q
UT VKOLED/H LEDVKO/H
UN VKOLED/I LEDVKO/I
FV DMELED/U LEDSVO/U
SU SVOLED/T LEDSVO/T
S7 DMELED/Q LEDDME/Q
HR DMELED/YC/X LEDDME/YC
SU SVOARH/5N/H ARHLED/5N:SU/N LEDARH/FV:SU/N ARHSVO/5N/H
HR DMEIWA/7R/N IWALED/7R/N LEDULV/7R/U ULVDME/7R/N
5N SVOARH/H ARHLED/L LEDARH/L ARHSVO/H
U9 DMEKZN/Q KZNLED/Q LEDKZN/Q KZNDME/Q
UT VKOLED/H LEDVKO/H
UN VKOLED/I LEDVKO/I
FV DMELED/U LEDSVO/U
SU SVOLED/T LEDSVO/T
S7 DMELED/Q LEDDME/Q
HR DMELED/YC/X LEDDME/YC
SU SVOARH/5N/H ARHLED/5N:SU/N LEDARH/FV:SU/N ARHSVO/5N/H
HR DMEIWA/7R/N IWALED/7R/N LEDULV/7R/U ULVDME/7R/N
5N SVOARH/H ARHLED/L LEDARH/L ARHSVO/H
U9 DMEKZN/Q KZNLED/Q LEDKZN/Q KZNDME/Q
UT VKOLED/H LEDVKO/H
UN VKOLED/I LEDVKO/I
FV DMELED/U LEDSVO/U
SU SVOLED/T LEDSVO/T
S7 DMELED/Q LEDDME/Q
HR DMELED/YC/X LEDDME/YC
SU SVOARH/5N/H ARHLED/5N:SU/N LEDARH/FV:SU/N ARHSVO/5N/H
HR DMEIWA/7R/N IWALED/7R/N LEDULV/7R/U ULVDME/7R/N
5N SVOARH/H ARHLED/L LEDARH/L ARHSVO/H
U9 DMEKZN/Q KZNLED/Q LEDKZN/Q KZNDME/Q
UT VKOLED/H LEDVKO/H
UN VKOLED/I LEDVKO/I
FV DMELED/U LEDSVO/U
SU SVOLED/T LEDSVO/T
S7 DMELED/Q LEDDME/Q
HR DMELED/YC/X LEDDME/YC
SU SVOARH/5N/H ARHLED/5N:SU/N LEDARH/FV:SU/N ARHSVO/5N/H
HR DMEIWA/7R/N IWALED/7R/N LEDULV/7R/U ULVDME/7R/N
5N SVOARH/H ARHLED/L LEDARH/L ARHSVO/H
U9 DMEKZN/Q KZNLED/Q LEDKZN/Q KZNDME/Q
UT VKOLED/H LEDVKO/H
UN VKOLED/I LEDVKO/I
FV DMELED/U LEDSVO/U
SU SVOLED/T LEDSVO/T
S7 DMELED/Q LEDDME/Q
HR DMELED/YC/X LEDDME/YC
SU SVOARH/5N/H ARHLED/5N:SU/N LEDARH/FV:SU/N ARHSVO/5N/H
HR DMEIWA/7R/N IWALED/7R/N LEDULV/7R/U ULVDME/7R/N
5N SVOARH/H ARHLED/L LEDARH/L ARHSVO/H
U9 DMEKZN/Q KZNLED/Q LEDKZN/Q KZNDME/Q
UT VKOLED/H LEDVKO/H
UN VKOLED/I LEDVKO/I
FV DMELED/U LEDSVO/U
SU SVOLED/T LEDSVO/T
S7 DMELED/Q LEDDME/Q
HR DMELED/YC/X LEDDME/YC
SU SVOARH/5N/H ARHLED/5N:SU/N LEDARH/FV:SU/N ARHSVO/5N/H
HR DMEIWA/7R/N IWALED/7R/N LEDULV/7R/U ULVDME/7R/N
5N SVOARH/H ARHLED/L LEDARH/L ARHSVO/H
U9 DMEKZN/Q KZNLED/Q LEDKZN/Q KZNDME/Q
UT VKOLED/H LEDVKO/H
UN VKOLED/I LEDVKO/I
FV DMELED/U LEDSVO/U
SU SVOLED/T LEDSVO/T
S7 DMELED/Q LEDDME/Q
HR DMELED/YC/X LEDDME/YC
SU SVOARH/5N/H ARHLED/5N:SU/N LEDARH/FV:SU/N ARHSVO/5N/H
HR DMEIWA/7R/N IWALED/7R/N LEDULV/7R/U ULVDME/7R/N
5N SVOARH/H ARHLED/L LEDARH/L ARHSVO/H
U9 DMEKZN/Q KZNLED/Q LEDKZN/Q KZNDME/Q
UT VKOLED/H LEDVKO/H
UN VKOLED/I LEDVKO/I
FV DMELED/U LEDSVO/U
SU SVOLED/T LEDSVO/T
S7 DMELED/Q LEDDME/Q
HR DMELED/YC/X LEDDME/YC
SU SVOARH/5N/H ARHLED/5N:SU/N LEDARH/FV:SU/N ARHSVO/5N/H
HR DMEIWA/7R/N IWALED/7R/N LEDULV/7R/U ULVDME/7R/N
5N SVOARH/H ARHLED/L LEDARH/L ARHSVO/H
U9 DMEKZN/Q KZNLED/Q LEDKZN/Q KZNDME/Q
UT VKOLED/H LEDVKO/H
UN VKOLED/I LEDVKO/I
FV DMELED/U LEDSVO/U
SU SVOLED/T LEDSVO/T
S7 DMELED/Q LEDDME/Q
HR DMELED/YC/X LEDDME/YC
SU SVOARH/5N/H ARHLED/5N:SU/N LEDARH/FV:SU/N ARHSVO/5N/H
HR DMEIWA/7R/N IWALED/7R/N LEDULV/7R/U ULVDME/7R/N
5N SVOARH/H ARHLED/L LEDARH/L ARHSVO/H
U9 DMEKZN/Q KZNLED/Q LEDKZN/Q KZNDME/Q
UT VKOLED/H LEDVKO/H
UN VKOLED/I LEDVKO/I
FV DMELED/U LEDSVO/U
SU SVOLED/T LEDSVO/T
S7 DMELED/Q LEDDME/Q
HR DMELED/YC/X LEDDME/YC
SU SVOARH/5N/H ARHLED/5N:SU/N LEDARH/FV:SU/N ARHSVO/5N/H
HR DMEIWA/7R/N IWALED/7R/N LEDULV/7R/U ULVDME/7R/N
5N SVOARH/H ARHLED/L LEDARH/L ARHSVO/H
U9 DMEKZN/Q KZNLED/Q LEDKZN/Q KZNDME/Q
B2 DMEMSQ/BUSINESS/D MSQCDG/BUSINESS/D CDGMSQ/BUSINESS/D MSQDME/BUSINESS/D
B2 DMEMSQ/BUSINESS/D MSQCDG/BUSINESS/D CDGMSQ/BUSINESS/D MSQDME/BUSINESS/D
B2 DMEMSQ/BUSINESS/D MSQCDG/BUSINESS/D CDGMSQ/BUSINESS/D MSQDME/BUSINESS/D
PS DMEKBP/BUSINESS/Z KBPCDG/AF:PS/BUSINESS/Z CDGVIE/AF:OS/BUSINESS/Z VIEDME/VO:OS/BUSINESS/Z
PS DMEKBP/BUSINESS/Z KBPCDG/AF:PS/BUSINESS/Z CDGVIE/VO:OS/BUSINESS/Z VIEDME/VO:OS/BUSINESS/Z
PS DMEKBP/BUSINESS/Z KBPCDG/AF:PS/BUSINESS/Z CDGVIE/AF:OS/BUSINESS/Z VIEDME/VO:OS/BUSINESS/Z
PS DMEKBP/BUSINESS/Z KBPCDG/AF:PS/BUSINESS/Z CDGVIE/VO:OS/BUSINESS/Z VIEDME/VO:OS/BUSINESS/Z
PS DMEKBP/BUSINESS/Z KBPCDG/AF:PS/BUSINESS/Z CDGKBP/AF:PS/BUSINESS/Z KBPDME/BUSINESS/Z
PS DMEKBP/BUSINESS/D KBPCDG/BUSINESS/D CDGVIE/AF:OS/BUSINESS/Z VIEDME/VO:OS/BUSINESS/Z
PS DMEKBP/BUSINESS/D KBPCDG/BUSINESS/D CDGVIE/VO:OS/BUSINESS/Z VIEDME/VO:OS/BUSINESS/Z
PS DMEKBP/BUSINESS/D KBPCDG/BUSINESS/D CDGVIE/AF:OS/BUSINESS/Z VIEDME/VO:OS/BUSINESS/Z
PS DMEKBP/BUSINESS/D KBPCDG/BUSINESS/D CDGVIE/VO:OS/BUSINESS/Z VIEDME/VO:OS/BUSINESS/Z
PS DMEKBP/BUSINESS/D KBPCDG/BUSINESS/D CDGVIE/AF:OS/BUSINESS/Z VIEDME/VO:OS/BUSINESS/Z
PS SVOKBP/BUSINESS/D KBPCDG/BUSINESS/D CDGVIE/AF:OS/BUSINESS/Z VIEDME/VO:OS/BUSINESS/Z
PS SVOKBP/BUSINESS/D KBPCDG/BUSINESS/D CDGVIE/VO:OS/BUSINESS/Z VIEDME/VO:OS/BUSINESS/Z
PS SVOKBP/BUSINESS/D KBPCDG/BUSINESS/D CDGVIE/AF:OS/BUSINESS/Z VIEDME/VO:OS/BUSINESS/Z
PS SVOKBP/BUSINESS/D KBPCDG/BUSINESS/D CDGVIE/VO:OS/BUSINESS/Z VIEDME/VO:OS/BUSINESS/Z
PS SVOKBP/BUSINESS/D KBPCDG/BUSINESS/D CDGVIE/AF:OS/BUSINESS/Z VIEDME/VO:OS/BUSINESS/Z
KL SVOAMS/BUSINESS/Z AMSCDG/AF:KL/BUSINESS/Z CDGVCE/AF:AZ/BUSINESS/I VCESVO/SU:AZ/BUSINESS/I
KL SVOAMS/BUSINESS/Z AMSCDG/AF:KL/BUSINESS/Z CDGLIN/AF:AZ/BUSINESS/I MXPSVO/SU:AZ/BUSINESS/I
KL SVOAMS/BUSINESS/Z AMSCDG/AF:KL/BUSINESS/Z CDGLIN/AZ/BUSINESS/I MXPSVO/SU:AZ/BUSINESS/I
KL SVOAMS/BUSINESS/Z AMSCDG/AF:KL/BUSINESS/Z CDGFCO/AZ/BUSINESS/I FCOSVO/SU:AZ/BUSINESS/I
KL SVOAMS/BUSINESS/Z AMSCDG/AF:KL/BUSINESS/Z CDGFCO/AF:AZ/BUSINESS/I FCOSVO/SU:AZ/BUSINESS/I
KL SVOAMS/BUSINESS/Z AMSCDG/AF:KL/BUSINESS/Z CDGFCO/AF:AZ/BUSINESS/I FCOSVO/SU:AZ/BUSINESS/I
KL SVOAMS/BUSINESS/Z AMSCDG/AF:KL/BUSINESS/Z CDGFCO/AF:AZ/BUSINESS/I FCOSVO/AZ/BUSINESS/I
PS DMEKBP/BUSINESS/D KBPCDG/BUSINESS/D CDGKBP/AF:PS/BUSINESS/Z KBPDME/BUSINESS/Z
PS DMEKBP/BUSINESS/D KBPCDG/BUSINESS/D CDGKBP/BUSINESS/Z KBPDME/BUSINESS/Z
PS DMEKBP/BUSINESS/D KBPCDG/BUSINESS/D CDGKBP/AF:PS/BUSINESS/Z KBPDME/BUSINESS/Z
PS DMEKBP/BUSINESS/D KBPCDG/BUSINESS/D CDGKBP/BUSINESS/Z KBPDME/BUSINESS/Z
PS DMEKBP/BUSINESS/D KBPCDG/BUSINESS/D CDGKBP/BUSINESS/Z KBPSVO/BUSINESS/Z
PS DMEKBP/BUSINESS/D KBPCDG/BUSINESS/D CDGKBP/AF:PS/BUSINESS/Z KBPSVO/BUSINESS/Z
PS DMEKBP/BUSINESS/D KBPCDG/BUSINESS/D CDGKBP/BUSINESS/Z KBPSVO/BUSINESS/Z
PS SVOKBP/BUSINESS/D KBPCDG/BUSINESS/D CDGKBP/AF:PS/BUSINESS/Z KBPDME/BUSINESS/Z
PS SVOKBP/BUSINESS/D KBPCDG/BUSINESS/D CDGKBP/BUSINESS/Z KBPSVO/BUSINESS/Z
LH DMEFRA/BUSINESS/D FRACDG/BUSINESS/D CDGDUS/BUSINESS/Z DUSVKO/BUSINESS/Z
LO SVOWAW/BUSINESS/D WAWCDG/BUSINESS/D CDGWAW/BUSINESS/Z WAWSVO/BUSINESS/Z
LH DMEFRA/BUSINESS/D FRACDG/BUSINESS/D CDGVIE/AF:OS/BUSINESS/Z VIEDME/VO:OS/BUSINESS/Z
OK SVOPRG/BUSINESS/C PRGCDG/BUSINESS/C CDGPRG/BUSINESS/D PRGSVO/SU:OK/BUSINESS/D
KL SVOAMS/BUSINESS/Z AMSCDG/AF:KL/BUSINESS/Z CDGAMS/BUSINESS/Z AMSSVO/BUSINESS/Z
BT DMERIX/BUSINESS/D RIXCDG/BUSINESS/D CDGRIX/BUSINESS/J RIXSVO/BUSINESS/J
TK VKOIST/BUSINESS/J ISTCDG/BUSINESS/J CDGIST/BUSINESS/J ISTVKO/BUSINESS/J
OS DMEVIE/VO:OS/BUSINESS/C VIECDG/VO:OS/BUSINESS/C CDGVIE/AF:OS/BUSINESS/Z VIEDME/VO:OS/BUSINESS/Z
AZ SVOBLQ/SU:AZ/BUSINESS/C BLQCDG/AF:AZ/BUSINESS/C CDGVCE/AF:AZ/BUSINESS/I VCESVO/SU:AZ/BUSINESS/I
JU SVOBEG/BUSINESS/D BEGCDG/BUSINESS/D CDGBEG/BUSINESS/D BEGSVO/BUSINESS/D
LX DMEZRH/BUSINESS/J ZRHCDG/BUSINESS/J CDGZRH/BUSINESS/Z ZRHDME/BUSINESS/Z
AF SVOCDG/BUSINESS/D CDGSVO/BUSINESS/D
AF SVOCDG/BUSINESS/D CDGSVO/BUSINESS/D
AF SVOCDG/BUSINESS/D CDGSVO/BUSINESS/D
AF SVOCDG/BUSINESS/D CDGSVO/BUSINESS/D
AF SVOCDG/BUSINESS/D CDGSVO/BUSINESS/D
AF SVOCDG/BUSINESS/D CDGSVO/BUSINESS/D
AF SVOCDG/BUSINESS/D CDGSVO/BUSINESS/D
AF SVOCDG/BUSINESS/D CDGSVO/BUSINESS/D
AF SVOCDG/BUSINESS/D CDGSVO/BUSINESS/D
AF SVOCDG/BUSINESS/D CDGSVO/BUSINESS/D
AF SVOCDG/BUSINESS/D CDGSVO/BUSINESS/D
AF SVOCDG/BUSINESS/D CDGSVO/BUSINESS/D
AF SVOCDG/BUSINESS/D CDGSVO/SU:AF/BUSINESS/D
AF SVOCDG/BUSINESS/D CDGSVO/SU:AF/BUSINESS/D
AF SVOCDG/BUSINESS/D CDGSVO/SU:AF/BUSINESS/D
AF SVOCDG/BUSINESS/D CDGSVO/SU:AF/BUSINESS/D
FV SVOLED/SU:FV/U LEDCDG/BUSINESS/C CDGLED/BUSINESS/D LEDVKO/BUSINESS/D
SU SVOCDG/BUSINESS/J CDGSVO/BUSINESS/D
B2 DMEMSQ/BUSINESS/D MSQCDG/BUSINESS/D CDGMSQ/BUSINESS/D MSQDME/BUSINESS/D
B2 DMEMSQ/BUSINESS/D MSQCDG/BUSINESS/D CDGMSQ/BUSINESS/D MSQDME/BUSINESS/D
B2 DMEMSQ/BUSINESS/D MSQCDG/BUSINESS/D CDGMSQ/BUSINESS/D MSQDME/BUSINESS/D
PS DMEKBP/BUSINESS/Z KBPCDG/AF:PS/BUSINESS/Z CDGVIE/AF:OS/BUSINESS/Z VIEDME/VO:OS/BUSINESS/Z
PS DMEKBP/BUSINESS/Z KBPCDG/AF:PS/BUSINESS/Z CDGVIE/AF:OS/BUSINESS/Z VIEDME/VO:OS/BUSINESS/Z
PS DMEKBP/BUSINESS/Z KBPCDG/AF:PS/BUSINESS/Z CDGKBP/AF:PS/BUSINESS/Z KBPDME/BUSINESS/Z
PS DMEKBP/BUSINESS/D KBPCDG/BUSINESS/D CDGVIE/AF:OS/BUSINESS/Z VIEDME/VO:OS/BUSINESS/Z
PS DMEKBP/BUSINESS/D KBPCDG/BUSINESS/D CDGVIE/AF:OS/BUSINESS/Z VIEDME/VO:OS/BUSINESS/Z
PS SVOKBP/BUSINESS/D KBPCDG/BUSINESS/D CDGVIE/AF:OS/BUSINESS/Z VIEDME/VO:OS/BUSINESS/Z
PS SVOKBP/BUSINESS/D KBPCDG/BUSINESS/D CDGVIE/AF:OS/BUSINESS/Z VIEDME/VO:OS/BUSINESS/Z
PS DMEKBP/BUSINESS/D KBPCDG/BUSINESS/D CDGKBP/AF:PS/BUSINESS/Z KBPDME/BUSINESS/Z
PS DMEKBP/BUSINESS/D KBPCDG/BUSINESS/D CDGKBP/BUSINESS/Z KBPDME/BUSINESS/Z
PS DMEKBP/BUSINESS/D KBPCDG/BUSINESS/D CDGKBP/AF:PS/BUSINESS/Z KBPDME/BUSINESS/Z
PS DMEKBP/BUSINESS/D KBPCDG/BUSINESS/D CDGKBP/BUSINESS/Z KBPDME/BUSINESS/Z
PS DMEKBP/BUSINESS/D KBPCDG/BUSINESS/D CDGKBP/BUSINESS/Z KBPSVO/BUSINESS/Z
PS DMEKBP/BUSINESS/D KBPCDG/BUSINESS/D CDGKBP/AF:PS/BUSINESS/Z KBPSVO/BUSINESS/Z
PS DMEKBP/BUSINESS/D KBPCDG/BUSINESS/D CDGKBP/BUSINESS/Z KBPSVO/BUSINESS/Z
PS SVOKBP/BUSINESS/D KBPCDG/BUSINESS/D CDGKBP/AF:PS/BUSINESS/Z KBPDME/BUSINESS/Z
PS SVOKBP/BUSINESS/D KBPCDG/BUSINESS/D CDGKBP/BUSINESS/Z KBPDME/BUSINESS/Z
PS SVOKBP/BUSINESS/D KBPCDG/BUSINESS/D CDGKBP/AF:PS/BUSINESS/Z KBPDME/BUSINESS/Z
PS SVOKBP/BUSINESS/D KBPCDG/BUSINESS/D CDGKBP/BUSINESS/Z KBPDME/BUSINESS/Z
PS SVOKBP/BUSINESS/D KBPCDG/BUSINESS/D CDGKBP/BUSINESS/Z KBPSVO/BUSINESS/Z
PS SVOKBP/BUSINESS/D KBPCDG/BUSINESS/D CDGKBP/AF:PS/BUSINESS/Z KBPSVO/BUSINESS/Z
PS SVOKBP/BUSINESS/D KBPCDG/BUSINESS/D CDGKBP/BUSINESS/Z KBPSVO/BUSINESS/Z
KL SVOAMS/BUSINESS/Z AMSCDG/AF:KL/BUSINESS/Z CDGVCE/AF:AZ/BUSINESS/I VCESVO/SU:AZ/BUSINESS/I
KL SVOAMS/BUSINESS/Z AMSCDG/AF:KL/BUSINESS/Z CDGLIN/AF:AZ/BUSINESS/I MXPSVO/SU:AZ/BUSINESS/I
KL SVOAMS/BUSINESS/Z AMSCDG/AF:KL/BUSINESS/Z CDGLIN/AZ/BUSINESS/I MXPSVO/SU:AZ/BUSINESS/I
KL SVOAMS/BUSINESS/Z AMSCDG/AF:KL/BUSINESS/Z CDGFCO/AZ/BUSINESS/I FCOSVO/SU:AZ/BUSINESS/I
KL SVOAMS/BUSINESS/Z AMSCDG/AF:KL/BUSINESS/Z CDGFCO/AF:AZ/BUSINESS/I FCOSVO/SU:AZ/BUSINESS/I
KL SVOAMS/BUSINESS/Z AMSCDG/AF:KL/BUSINESS/Z CDGFCO/AF:AZ/BUSINESS/I FCOSVO/SU:AZ/BUSINESS/I
KL SVOAMS/BUSINESS/Z AMSCDG/AF:KL/BUSINESS/Z CDGFCO/AF:AZ/BUSINESS/I FCOSVO/AZ/BUSINESS/I
LO SVOWAW/BUSINESS/D WAWCDG/BUSINESS/D CDGWAW/BUSINESS/Z WAWSVO/BUSINESS/Z
LO SVOWAW/BUSINESS/D WAWCDG/BUSINESS/D CDGWAW/BUSINESS/Z WAWSVO/BUSINESS/Z
LH DMEFRA/BUSINESS/D FRACDG/BUSINESS/D CDGDUS/BUSINESS/Z DUSVKO/BUSINESS/Z
LH DMEFRA/BUSINESS/D FRACDG/BUSINESS/D CDGDUS/BUSINESS/Z DUSVKO/BUSINESS/Z
LH DMEFRA/BUSINESS/D FRACDG/BUSINESS/D CDGDUS/EW:LH/BUSINESS/Z DUSVKO/BUSINESS/Z
LH DMEFRA/BUSINESS/D FRACDG/BUSINESS/D CDGZRH/LX/BUSINESS/Z ZRHDME/LX/BUSINESS/Z
OK SVOPRG/BUSINESS/C PRGCDG/BUSINESS/C CDGPRG/BUSINESS/D PRGSVO/SU:OK/BUSINESS/D
BT DMERIX/BUSINESS/D RIXCDG/BUSINESS/D CDGRIX/BUSINESS/J RIXSVO/BUSINESS/J
KL SVOAMS/BUSINESS/Z AMSCDG/AF:KL/BUSINESS/Z CDGAMS/BUSINESS/Z AMSSVO/BUSINESS/Z
TK VKOIST/BUSINESS/J ISTCDG/BUSINESS/J CDGIST/BUSINESS/J ISTVKO/BUSINESS/J
AZ SVOBLQ/SU:AZ/BUSINESS/C BLQCDG/AF:AZ/BUSINESS/C CDGVCE/AF:AZ/BUSINESS/I VCESVO/SU:AZ/BUSINESS/I
OS DMEVIE/VO:OS/BUSINESS/C VIECDG/VO:OS/BUSINESS/C CDGVIE/AF:OS/BUSINESS/Z VIEDME/VO:OS/BUSINESS/Z
LX DMEGVA/BUSINESS/J GVACDG/AF:LX/BUSINESS/J CDGZRH/BUSINESS/Z ZRHDME/BUSINESS/Z
JU SVOBEG/BUSINESS/D BEGCDG/BUSINESS/D CDGBEG/BUSINESS/D BEGSVO/BUSINESS/D
FV SVOLED/SU:FV/U LEDCDG/BUSINESS/C CDGLED/BUSINESS/D LEDVKO/BUSINESS/D
AF SVOCDG/BUSINESS/D CDGSVO/BUSINESS/D
AF SVOCDG/BUSINESS/D CDGSVO/BUSINESS/D
AF SVOCDG/BUSINESS/D CDGSVO/BUSINESS/D
AF SVOCDG/BUSINESS/D CDGSVO/BUSINESS/D
AF SVOCDG/BUSINESS/D CDGSVO/BUSINESS/D
AF SVOCDG/BUSINESS/D CDGSVO/BUSINESS/D
AF SVOCDG/BUSINESS/D CDGSVO/BUSINESS/D
AF SVOCDG/BUSINESS/D CDGSVO/BUSINESS/D
AF SVOCDG/BUSINESS/D CDGSVO/BUSINESS/D
AF SVOCDG/BUSINESS/D CDGSVO/BUSINESS/D
AF SVOCDG/BUSINESS/D CDGSVO/BUSINESS/D
AF SVOCDG/BUSINESS/D CDGSVO/BUSINESS/D
AF SVOCDG/BUSINESS/D CDGSVO/SU:AF/BUSINESS/D
AF SVOCDG/BUSINESS/D CDGSVO/SU:AF/BUSINESS/D
AF SVOCDG/BUSINESS/D CDGSVO/SU:AF/BUSINESS/D
AF SVOCDG/BUSINESS/D CDGSVO/SU:AF/BUSINESS/D
SU SVOCDG/BUSINESS/J CDGSVO/BUSINESS/D
B2 DMEMSQ/BUSINESS/D MSQCDG/BUSINESS/D CDGMSQ/BUSINESS/D MSQDME/BUSINESS/D
OS DMEVIE/VO:OS/BUSINESS/Z VIECDG/VO:OS/BUSINESS/Z CDGMUC/LH/BUSINESS/Z MUCDME/LH/BUSINESS/Z
OS DMEVIE/VO:OS/BUSINESS/Z VIECDG/VO:OS/BUSINESS/Z CDGMUC/LH/BUSINESS/Z MUCDME/LH/BUSINESS/Z
OS DMEVIE/VO:OS/BUSINESS/Z VIECDG/VO:OS/BUSINESS/Z CDGMUC/LH/BUSINESS/Z MUCDME/LH/BUSINESS/Z
OS DMEVIE/VO:OS/BUSINESS/Z VIECDG/AF:OS/BUSINESS/Z CDGMUC/LH/BUSINESS/Z MUCDME/LH/BUSINESS/Z
OS DMEVIE/VO:OS/BUSINESS/Z VIECDG/VO:OS/BUSINESS/Z CDGVIE/AF:OS/BUSINESS/Z VIEDME/VO:OS/BUSINESS/Z
OS DMEVIE/VO:OS/BUSINESS/Z VIECDG/VO:OS/BUSINESS/Z CDGVIE/AF:OS/BUSINESS/Z VIEDME/VO:OS/BUSINESS/Z
OS DMEVIE/VO:OS/BUSINESS/Z VIECDG/VO:OS/BUSINESS/Z CDGVIE/AF:OS/BUSINESS/Z VIEDME/VO:OS/BUSINESS/Z
OS DMEVIE/VO:OS/BUSINESS/Z VIECDG/VO:OS/BUSINESS/Z CDGFRA/LH/BUSINESS/Z FRADME/LH/BUSINESS/Z
OS DMEVIE/VO:OS/BUSINESS/Z VIECDG/VO:OS/BUSINESS/Z CDGFRA/LH/BUSINESS/Z FRADME/LH/BUSINESS/Z
OS DMEVIE/VO:OS/BUSINESS/Z VIECDG/VO:OS/BUSINESS/Z CDGFRA/LH/BUSINESS/Z FRADME/LH/BUSINESS/Z
OS DMEVIE/VO:OS/BUSINESS/Z VIECDG/VO:OS/BUSINESS/Z CDGFRA/LH/BUSINESS/Z FRADME/LH/BUSINESS/Z
LH DMEMUC/BUSINESS/Z MUCCDG/BUSINESS/Z CDGMUC/BUSINESS/Z MUCDME/BUSINESS/Z
LH DMEMUC/BUSINESS/Z MUCCDG/BUSINESS/Z CDGVIE/AF:OS/BUSINESS/Z VIEDME/VO:OS/BUSINESS/Z
PS DMEKBP/BUSINESS/Z KBPCDG/BUSINESS/Z CDGVIE/AF:OS/BUSINESS/Z VIEDME/VO:OS/BUSINESS/Z
OS DMEVIE/VO:OS/BUSINESS/Z VIECDG/VO:OS/BUSINESS/Z CDGFRA/LH/BUSINESS/Z FRAVKO/LH/BUSINESS/Z
OS DMEVIE/VO:OS/BUSINESS/Z VIECDG/VO:OS/BUSINESS/Z CDGFRA/LH/BUSINESS/Z FRAVKO/LH/BUSINESS/Z
OS DMEVIE/VO:OS/BUSINESS/Z VIECDG/VO:OS/BUSINESS/Z CDGFRA/LH/BUSINESS/Z FRAVKO/LH/BUSINESS/Z
OS DMEVIE/VO:OS/BUSINESS/Z VIECDG/VO:OS/BUSINESS/Z CDGFRA/LH/BUSINESS/Z FRAVKO/LH/BUSINESS/Z
OS DMEVIE/VO:OS/BUSINESS/Z VIECDG/VO:OS/BUSINESS/Z CDGFRA/LH/BUSINESS/Z FRAVKO/LH/BUSINESS/Z
OS DMEVIE/VO:OS/BUSINESS/Z VIECDG/VO:OS/BUSINESS/Z CDGFRA/LH/BUSINESS/Z FRAVKO/LH/BUSINESS/Z
OS DMEVIE/VO:OS/BUSINESS/Z VIECDG/VO:OS/BUSINESS/Z CDGFRA/LH/BUSINESS/Z FRAVKO/LH/BUSINESS/Z
OS DMEVIE/VO:OS/BUSINESS/Z VIECDG/VO:OS/BUSINESS/Z CDGFRA/LH/BUSINESS/Z FRAVKO/LH/BUSINESS/Z
OS DMEVIE/VO:OS/BUSINESS/Z VIECDG/VO:OS/BUSINESS/Z CDGFRA/LH/BUSINESS/Z FRAVKO/LH/BUSINESS/Z
OS DMEVIE/VO:OS/BUSINESS/Z VIECDG/VO:OS/BUSINESS/Z CDGFRA/LH/BUSINESS/Z FRAVKO/LH/BUSINESS/Z
LH DMEMUC/BUSINESS/Z MUCCDG/BUSINESS/Z CDGFRA/BUSINESS/Z FRADME/BUSINESS/Z
LH DMEMUC/BUSINESS/Z MUCCDG/BUSINESS/Z CDGFRA/BUSINESS/Z FRADME/BUSINESS/Z
LH VKOFRA/BUSINESS/Z FRACDG/BUSINESS/Z CDGMUC/BUSINESS/Z MUCDME/BUSINESS/Z
LH VKOFRA/BUSINESS/Z FRACDG/BUSINESS/Z CDGVIE/VO:OS/BUSINESS/Z VIEDME/VO:OS/BUSINESS/Z
AZ SVOMXP/SU:AZ/BUSINESS/I LINORY/VE:AZ/BUSINESS/I CDGLIN/AF:AZ/BUSINESS/I MXPSVO/SU:AZ/BUSINESS/I
PS DMEKBP/BUSINESS/Z KBPCDG/BUSINESS/Z CDGKBP/BUSINESS/Z KBPDME/BUSINESS/Z
OK SVOPRG/BUSINESS/D PRGCDG/BUSINESS/D CDGPRG/BUSINESS/D PRGSVO/SU:OK/BUSINESS/D
IB DMEBCN/VY:IB/BUSINESS/I BCNORY/VY:IB/P ORYBCN/VY:IB/S BCNDME/VY:IB/BUSINESS/I
AY SVOHEL/BUSINESS/I HELCDG/BUSINESS/I CDGHEL/BUSINESS/C HELSVO/BUSINESS/C
KL SVOAMS/BUSINESS/Z AMSCDG/BUSINESS/Z CDGAMS/BUSINESS/Z AMSSVO/SU:KL/BUSINESS/Z
LO SVOWAW/BUSINESS/D WAWCDG/BUSINESS/D CDGWAW/BUSINESS/D WAWSVO/SU:LO/BUSINESS/D
TK VKOIST/BUSINESS/J ISTCDG/BUSINESS/J CDGIST/BUSINESS/J ISTVKO/BUSINESS/J
BT SVORIX/SU:BT/Z RIXCDG/BUSINESS/J CDGRIX/BUSINESS/J RIXSVO/W
UN VKOORY/ZI:UN/BUSINESS/S ORYVKO/ZI:UN/BUSINESS/S
ZI VKOORY/BUSINESS/I ORYVKO/BUSINESS/I
UN VKOORY/ZI:UN/BUSINESS/S ORYVKO/BUSINESS/D
UN VKOORY/BUSINESS/C ORYVKO/ZI:UN/BUSINESS/S
UN VKOORY/BUSINESS/C ORYVKO/BUSINESS/D
FV SVOLED/BUSINESS/D LEDCDG/AF:FV/BUSINESS/D CDGLED/BUSINESS/D LEDVKO/BUSINESS/D
AF SVOCDG/BUSINESS/D CDGSVO/BUSINESS/D
AF SVOCDG/BUSINESS/D CDGSVO/BUSINESS/D
AF SVOCDG/BUSINESS/D CDGSVO/BUSINESS/D
AF SVOCDG/BUSINESS/D CDGSVO/BUSINESS/D
AF SVOCDG/BUSINESS/D CDGSVO/BUSINESS/D
AF SVOCDG/BUSINESS/D CDGSVO/BUSINESS/D
AF SVOCDG/BUSINESS/D CDGSVO/BUSINESS/D
AF SVOCDG/BUSINESS/D CDGSVO/BUSINESS/D
AF SVOCDG/BUSINESS/D CDGSVO/BUSINESS/D
AF SVOCDG/BUSINESS/D CDGSVO/BUSINESS/D
AF SVOCDG/BUSINESS/D CDGSVO/BUSINESS/D
AF SVOCDG/BUSINESS/D CDGSVO/BUSINESS/D
SU SVOCDG/BUSINESS/D CDGSVO/BUSINESS/D
UT VKOLED/H LEDVKO/H
UN VKOLED/I LEDDME/I
FV DMELED/U LEDSVO/U
SU SVOLED/T LEDSVO/T
S7 DMELED/Q LEDDME/Q
SU SVOARH/5N/H ARHLED/FV:SU/N LEDARH/5N:SU/N ARHSVO/5N/H
5N SVOARH/H ARHLED/L LEDARH/L ARHSVO/H
U9 DMEKZN/Q KZNLED/Q LEDKZN/Q KZNDME/Q
HR DMEIWA/7R/N IWALED/7R/N LEDEGO/7R EGODME/YQ
U6 DMESVX/E SVXLED/E LEDSVX/E SVXDME/E
FI LHRKEF/S KEFJFK/S
AB STNDUS/W DUSJFK/N
HR SENDUB/EI/W DUBJFK/EI/V
HR LGWDUB/EI/Z DUBJFK/EI/V
TP LHRLIS/A LISEWR/A
HR LHRDUB/EI/Z DUBJFK/EI/V
AB LHRTXL/BA:AB/Q TXLJFK/N
TK LHRIST/S ISTJFK/S
SU LHRSVO/L SVOJFK/L
DL LHRJFK/VS:DL/M
DL LHREWR/VS:DL/M
DL LHRJFK/M
AF LHRJFK/DL:AF/M
KL LHRJFK/DL:KL/M
KL LHRDTW/DL:KL/M DTWLGA/DL:KL/M
LO LHRWAW/M WAWJFK/E
DL LHRAMS/KL:DL/M AMSJFK/KL:DL/M
DL LHRAMS/KL:DL/M AMSJFK/M
DL LHRAMS/KL:DL/M AMSEWR/M
DL LHRAMS/KL:DL/M AMSJFK/KL:DL/M
DL LHRDTW/M DTWLGA/M
AF LHRDTW/DL:AF/M DTWLGA/DL:AF/M
KL LHRAMS AMSJFK/M
AF LCYDUB/WX:AF DUBJFK/DL:AF/M
DL LHRCDG/AF:DL/M CDGJFK/AF:DL/M
DL LHRCDG/AF:DL/M CDGJFK/AF:DL/M
KL LCYAMS/AF:KL AMSEWR/DL:KL/M
AF LHRCDG CDGJFK/M
VS LHRJFK
SK LHRCPH/E CPHEWR/E
AA LHRMAD/BA:AA/B MADJFK/IB:AA/B
AA LHRCDG/BA:AA/B ORYJFK/BA:AA/B
AA LHREWR/BA:AA
UA LHREWR/B
UA LHRYUL/AC:UA/B YULEWR/AC:UA/B
UA LHRYUL/AC:UA/B YULLGA/AC:UA/B
LH LHREWR/UA:LH/B
AA LHRJFK/BA:AA
BA LHRJFK
AY LHRJFK/BA:AY
UX LGWMAD MADJFK
IB LHRJFK/BA:IB
LX LHRGVA/B GVAJFK/B
SN LHRBRU/B BRUJFK/B
OS LHRVIE/VO:OS/B VIEJFK/VO:OS/B
AZ LHRFCO FCOJFK/P
9W LHRBOM BOMEWR/Q
AB DMEDUS/W DUSSTN/W STNDUS/W DUSDME/W
AB DMEDUS/W DUSSTN/W STNDUS/W DUSDME/W
AB DMEDUS/W DUSSTN/W STNDUS/E DUSDME/E
AB DMEDUS/W DUSSTN/W STNDUS/E DUSDME/E
LX DMEGVA/K GVALHR/K LHRZRH/K ZRHDME/K
LX DMEGVA/K GVALCY/K LHRZRH/K ZRHDME/K
LH VKODUS/K DUSLHR/K LHRZRH/LX/K ZRHDME/LX/K
LX DMEGVA/K GVALHR/K LCYZRH/K ZRHDME/K
LX DMEGVA/K GVALCY/K LCYZRH/K ZRHDME/K
LX DMEZRH/K ZRHLHR/K LHRZRH/K ZRHDME/K
S7 DMEKBP/O KBPLHR/BA/O LHRMUC/BA/O MUCDME/O
LH VKODUS/K DUSLHR/K LCYZRH/LX/K ZRHDME/LX/K
AB DMEVIE/HG/O VIELHR/BA/O STNDUS/W DUSDME/W
LX DMEGVA/K GVALHR/K LHRGVA/L GVADME/L
LX DMEGVA/K GVALCY/K LHRGVA/L GVADME/L
LX DMEZRH/K ZRHLHR/K LCYZRH/K ZRHDME/K
OS DMEVIE/VO:OS/K VIELHR/VO:OS/K LHRZRH/LX/K ZRHDME/LX/K
PS DMEVIE/VO:OS/K VIELHR/VO:OS/K LGWKBP/J KBPDME/J
AB DMETXL/O TXLLHR/BA:AB/O STNDUS/W DUSDME/W
BT DMERIX/U RIXLGW/U LGWRIX/U RIXSVO/U
LH DMEFRA/K FRALHR/K LHRZRH/LX/K ZRHDME/LX/K
LH VKODUS/K DUSLHR/K LHRGVA/LX/L GVADME/LX/L
LX DMEZRH/K ZRHLHR/K LHRGVA/L GVADME/L
LX DMEGVA/K GVALHR/K LHRZRH/L ZRHDME/L
LX DMEGVA/K GVALCY/K LHRZRH/L ZRHDME/L
LX DMEGVA/L GVALHR/L LHRZRH/K ZRHDME/K
LH VKODUS/K DUSLHR/K LHRMUC/L MUCDME/L
PS DMEKBP/J KBPLGW/J LGWKBP/J KBPDME/J
SN DMEBRU/E BRULHR/E LHRBRU/E BRUDME/E
KL SVOAMS/G AMSLHR/G LHRAMS/N AMSSVO/SU:KL/N
S7 DMEMUC/N MUCLHR/BA/N LHRMUC/BA/O MUCDME/O
SK SVOARN/T ARNLHR/T LHRCPH/T CPHSVO/T
OS DMEVIE/VO:OS/K VIELHR/VO:OS/K LHRVIE/VO:OS/T VIEDME/VO:OS/T
BA DMELHR/N LHRDME/N
LO SVOWAW/V WAWLHR/V LHRWAW/V WAWSVO/V
AF SVOCDG/X CDGLHR/X LHRCDG/X CDGSVO/X
AZ SVOMXP/O LINLCY/VE:AZ/O LHRLIN/VE:AZ/O MXPSVO/O
TK VKOIST/P ISTLHR/P LGWIST/P ISTVKO/P
UN VKOLHR/W LHRVKO/V
SU SVOLHR/N LHRSVO/T
AB DMEVIE/HG/O VIELHR/BA/O LHRVIE/BA/V VIEDME/HG/V
SU SVOLHR/E LHRSVO/T
SU SVOLHR/N LHRSVO/Q
VS VKOLHR/UN:VS/M LHRVKO/UN:VS/M
AB DMEDUS/E DUSSTN/E STNDUS/E DUSDME/E
LH VKODUS/K DUSLHR/K LHRFRA/K FRAVKO/K
PS DMEVIE/VO:OS/K VIELHR/VO:OS/K LGWKBP/J KBPDME/J
PS DMEVIE/VO:OS/K VIELHR/VO:OS/K LGWKBP/J KBPSVO/J
LH VKODUS/K DUSLHR/K LHRBRU/SN/E BRUDME/SN/E
PS DMEKBP/J KBPLGW/J LGWKBP/J KBPDME/J
LH VKODUS/K DUSLHR/K LHRFRA/L FRAVKO/L
OS DMEVIE/VO:OS/K VIELHR/VO:OS/K LHRBRU/SN/E BRUDME/SN/E
PS DMEKBP/J KBPLGW/J LGWKBP/J KBPSVO/J
PS SVOKBP/J KBPLGW/J LGWKBP/J KBPDME/J
LH VKOFRA/K FRALHR/K LHRBRU/SN/E BRUDME/SN/E
LH VKOFRA/K FRALHR/K LHRBRU/SN/E BRUDME/SN/E
LH VKOFRA/K FRALHR/K LHRBRU/SN/E BRUDME/SN/E
LH DMEFRA/K FRALHR/K LHRBRU/SN/E BRUDME/SN/E
PS SVOKBP/J KBPLGW/J LGWKBP/J KBPSVO/J
LX DMEGVA/L GVALCY/L LHRBRU/SN/E BRUDME/SN/E
OS DMEVIE/VO:OS/K VIELHR/VO:OS/K LHRFRA/LH/L FRAVKO/LH/L
LH VKOFRA/K FRALHR/K LHRFRA/L FRAVKO/L
LH VKOFRA/K FRALHR/K LHRFRA/L FRAVKO/L
LH VKOFRA/K FRALHR/K LHRFRA/L FRAVKO/L
LH DMEFRA/K FRALHR/K LHRFRA/L FRAVKO/L
LX DMEGVA/L GVALCY/L LHRFRA/LH/L FRAVKO/LH/L
LX DMEZRH/L ZRHLHR/L LHRBRU/SN/E BRUDME/SN/E
LH VKODUS/K DUSLHR/K LHRFRA/E FRADME/E
SN DMEBRU/E BRULHR/E LHRBRU/E BRUDME/E
LH VKODUS/K DUSLHR/K LHRVIE/VO:OS/E VIEDME/VO:OS/E
LH VKODUS/K DUSLHR/K LHRFRA/E FRAVKO/E
AB DMEDUS/E DUSSTN/E LHRTXL/BA:AB/O TXLDME/O
LH DMEMUC/L MUCLHR/L LHRBRU/SN/E BRUDME/SN/E
LH DMEMUC/L MUCLHR/L LHRBRU/SN/E BRUDME/SN/E
LH DMEMUC/L MUCLHR/L LHRBRU/SN/E BRUDME/SN/E
LH DMEMUC/L MUCLHR/L LHRBRU/SN/E BRUDME/SN/E
LH DMEMUC/L MUCLHR/L LHRBRU/SN/E BRUDME/SN/E
UN VKOLHR/W LHRVKO/I
KL SVOAMS/G AMSLHR/G LHRAMS/N AMSSVO/SU:KL/N
VS VKOLHR/UN:VS/O LHRVKO/UN:VS/O
BT DMERIX/U RIXLGW/U LGWRIX/A RIXSVO/A
BA DMELHR/N LHRDME/N
SU SVOLHR/N LHRSVO/N
S7 DMEMUC/N MUCLHR/BA/N LHRMUC/BA/N MUCDME/N
SK SVOARN/T ARNLHR/T LHRARN/K ARNSVO/K
SU SVOLHR/E LHRSVO/N
VS VKOLHR/UN:VS/O LHRVKO/UN:VS/N
LO SVOWAW/S WAWLHR/S LHRWAW/S WAWSVO/S
AY SVOHEL/O HELLHR/O LHRHEL/L HELSVO/L
AF SVOCDG/X CDGLHR/X LHRCDG/R CDGSVO/SU:AF/R
SU SVOLHR/N LHRSVO/T
LX DMEGVA/L GVALCY/L LHRGVA/V GVADME/V
AZ SVOFCO/O FCOLCY/CT:AZ/O LHRFCO/W FCOSVO/SU:AZ/W
UX SVOMAD/SU:UX/U MADLGW/U LGWMAD/U MADSVO/SU:UX/U
TK VKOIST/L ISTLGW/L LHRIST/V ISTVKO/V
UT VKOLED/H LEDVKO/H
UN DMELED/I LEDVKO/I
FV DMELED/U LEDSVO/U
FV DMELED/U LEDSVO/U
FV DMELED/U LEDDME/U
SU SVOLED/T LEDSVO/T
S7 DMELED/Q LEDDME/Q
HR DMEIWA/7R/N IWALED/7R/N LEDIWA/7R/N IWADME/7R/N
HR DMELED/YC/X LEDDME/YC
5N SVOARH/H ARHLED/L LEDARH/L ARHSVO/H
U9 DMENBC/2B:U9/L NBCLED/Q LEDKZN/Q KZNDME/Q
U6 DMESVX/E SVXLED/E LEDOVB/X OVBDME/E
UT VKOLED/H LEDVKO/H
UN DMELED/I LEDVKO/I
FV DMELED/U LEDSVO/U
FV DMELED/U LEDSVO/U
FV DMELED/U LEDDME/U
SU SVOLED/T LEDSVO/T
S7 DMELED/Q LEDDME/Q
HR DMEIWA/7R/N IWALED/7R/N LEDIWA/7R/N IWADME/7R/N
HR DMELED/YC/X LEDDME/YC
5N SVOARH/H ARHLED/L LEDARH/L ARHSVO/H
U9 DMENBC/2B:U9/L NBCLED/Q LEDKZN/Q KZNDME/Q
U6 DMESVX/E SVXLED/E LEDOVB/X OVBDME/E
PS DMEKBP/V KBPLGW/V LGWKBP/V KBPDME/V
PS DMEKBP/V KBPLGW/V LGWKBP/V KBPSVO/V
PS SVOKBP/V KBPLGW/V LGWKBP/V KBPDME/V
PS SVOKBP/V KBPLGW/V LGWKBP/V KBPSVO/V
PS DMEVIE/VO:OS/E VIELHR/VO:OS/E LGWKBP/V KBPDME/V
PS DMEVIE/VO:OS/E VIELHR/VO:OS/E LGWKBP/V KBPSVO/V
PS DMEKBP/V KBPLGW/V LHRVIE/VO:OS/E VIEDME/VO:OS/E
KL SVOAMS/G AMSLHR/G LHRAMS/G AMSSVO/G
KL SVOAMS/G AMSLHR/G LHRAMS/G AMSSVO/G
KL SVOAMS/G AMSLHR/G LHRAMS/G AMSSVO/G
KL SVOAMS/G AMSLHR/G LHRAMS/G AMSSVO/G
PS SVOKBP/V KBPLGW/V LHRVIE/VO:OS/E VIEDME/VO:OS/E
KL SVOAMS/V AMSLHR/V LHRAMS/G AMSSVO/G
KL SVOAMS/G AMSLHR/G LHRAMS/V AMSSVO/V
KL SVOAMS/G AMSLHR/G LHRAMS/V AMSSVO/V
KL SVOAMS/V AMSLHR/V LHRAMS/G AMSSVO/G
S7 DMEMUC/O MUCLHR/BA/O LHRKBP/BA/O KBPDME/O
AB DMEDUS/W DUSSTN/W LHRVIE/BA/O VIEDME/HG/O
KL SVOAMS/V AMSLHR/V LHRAMS/V AMSSVO/V
KL SVOAMS/R AMSLCY/AF:KL/R LHRAMS/G AMSSVO/G
KL SVOAMS/R AMSLCY/AF:KL/R LHRAMS/G AMSSVO/G
KL SVOAMS/R AMSLCY/AF:KL/R LHRAMS/G AMSSVO/G
KL SVOAMS/R AMSLCY/AF:KL/R LHRAMS/G AMSSVO/G
AY SVOHEL/R HELLHR/R LHRHEL/Z HELSVO/Z
AY SVOHEL/R HELLHR/R LHRHEL/Z HELSVO/Z
SN DMEBRU/E BRULHR/E LHRBRU/E BRUDME/E
KL SVOAMS/G AMSLHR/G LCYAMS/AF:KL/R AMSSVO/R
KL SVOAMS/G AMSLHR/G LCYAMS/AF:KL/R AMSSVO/R
KL SVOAMS/G AMSLHR/G LCYAMS/AF:KL/R AMSSVO/R
KL SVOAMS/G AMSLHR/G LCYAMS/AF:KL/R AMSSVO/R
AF SVOCDG/X CDGLHR/X LHRAMS/KL/G AMSSVO/KL/G
AF SVOCDG/X CDGLHR/X LHRAMS/KL/G AMSSVO/KL/G
AB DMEDUS/W DUSSTN/W LHRVIE/BA:AB/O VIEDME/HG/O
UN VKOLHR/W LHRVKO/I
AB DMEDUS/W DUSSTN/W LHRTXL/BA:AB/Q TXLDME/Q
BT DMERIX/W RIXLGW/W LGWRIX/U RIXSVO/U
S7 DMEMUC/O MUCLHR/BA/O LHRMUC/BA/N MUCDME/N
SK SVOCPH/T CPHLHR/T LHRARN/T ARNSVO/T
LH VKODUS/E DUSLHR/E LHRDUS/E DUSVKO/E
AB DMEVIE/HG/Q VIELHR/BA/Q LHRVIE/BA/O VIEDME/HG/O
OS DMEVIE/VO:OS/E VIELHR/VO:OS/E LHRVIE/VO:OS/E VIEDME/VO:OS/E
BA DMELHR/N LHRDME/N
LO SVOWAW/S WAWLHR/S LHRWAW/W WAWSVO/W
SU SVOLHR/N LHRSVO/N
AF SVOCDG/X CDGLHR/X LHRCDG/X CDGSVO/SU:AF/X
BA DMELHR/N LHRDME/S
SU SVOLHR/N LHRSVO/T
AZ SVOFCO/O FCOLHR/O LHRFCO/W FCOSVO/SU:AZ/W
SU SVOLHR/N LHRSVO/Q
TK VKOIST/P ISTLHR/P LHRIST/L ISTVKO/L
UX SVOMAD/SU:UX/U MADLGW/U LGWMAD/U MADSVO/SU:UX/U
VS VKOLHR/UN:VS/M LHRVKO/UN:VS/M
PS DMEKBP/V KBPLGW/V LGWKBP/V KBPDME/V
PS DMEKBP/V KBPLGW/V LGWKBP/V KBPSVO/V
PS SVOKBP/V KBPLGW/V LGWKBP/V KBPDME/V
PS SVOKBP/V KBPLGW/V LGWKBP/V KBPSVO/V
PS DMEVIE/VO:OS/E VIELHR/VO:OS/E LGWKBP/V KBPDME/V
PS DMEVIE/VO:OS/E VIELHR/VO:OS/E LGWKBP/V KBPSVO/V
PS DMEKBP/V KBPLGW/V LHRVIE/VO:OS/E VIEDME/VO:OS/E
KL SVOAMS/G AMSLHR/G LHRAMS/G AMSSVO/G
KL SVOAMS/G AMSLHR/G LHRAMS/G AMSSVO/G
KL SVOAMS/G AMSLHR/G LHRAMS/G AMSSVO/G
KL SVOAMS/G AMSLHR/G LHRAMS/G AMSSVO/G
PS SVOKBP/V KBPLGW/V LHRVIE/VO:OS/E VIEDME/VO:OS/E
KL SVOAMS/V AMSLHR/V LHRAMS/G AMSSVO/G
KL SVOAMS/G AMSLHR/G LHRAMS/V AMSSVO/V
KL SVOAMS/G AMSLHR/G LHRAMS/V AMSSVO/V
KL SVOAMS/V AMSLHR/V LHRAMS/G AMSSVO/G
S7 DMEMUC/O MUCLHR/BA/O LHRKBP/BA/O KBPDME/O
AB DMEDUS/W DUSSTN/W LHRVIE/BA/O VIEDME/HG/O
KL SVOAMS/V AMSLHR/V LHRAMS/V AMSSVO/V
KL SVOAMS/R AMSLCY/AF:KL/R LHRAMS/G AMSSVO/G
KL SVOAMS/R AMSLCY/AF:KL/R LHRAMS/G AMSSVO/G
KL SVOAMS/R AMSLCY/AF:KL/R LHRAMS/G AMSSVO/G
KL SVOAMS/R AMSLCY/AF:KL/R LHRAMS/G AMSSVO/G
AY SVOHEL/R HELLHR/R LHRHEL/Z HELSVO/Z
AY SVOHEL/R HELLHR/R LHRHEL/Z HELSVO/Z
SN DMEBRU/E BRULHR/E LHRBRU/E BRUDME/E
KL SVOAMS/G AMSLHR/G LCYAMS/AF:KL/R AMSSVO/R
KL SVOAMS/G AMSLHR/G LCYAMS/AF:KL/R AMSSVO/R
KL SVOAMS/G AMSLHR/G LCYAMS/AF:KL/R AMSSVO/R
KL SVOAMS/G AMSLHR/G LCYAMS/AF:KL/R AMSSVO/R
AF SVOCDG/X CDGLHR/X LHRAMS/KL/G AMSSVO/KL/G
AF SVOCDG/X CDGLHR/X LHRAMS/KL/G AMSSVO/KL/G
AB DMEDUS/W DUSSTN/W LHRVIE/BA:AB/O VIEDME/HG/O
UN VKOLHR/W LHRVKO/I
AB DMEDUS/W DUSSTN/W LHRTXL/BA:AB/Q TXLDME/Q
BT DMERIX/W RIXLGW/W LGWRIX/U RIXSVO/U
S7 DMEMUC/O MUCLHR/BA/O LHRMUC/BA/N MUCDME/N
SK SVOCPH/T CPHLHR/T LHRARN/T ARNSVO/T
LH VKODUS/E DUSLHR/E LHRDUS/E DUSVKO/E
AB DMEVIE/HG/Q VIELHR/BA/Q LHRVIE/BA/O VIEDME/HG/O
OS DMEVIE/VO:OS/E VIELHR/VO:OS/E LHRVIE/VO:OS/E VIEDME/VO:OS/E
BA DMELHR/N LHRDME/N
LO SVOWAW/S WAWLHR/S LHRWAW/W WAWSVO/W
SU SVOLHR/N LHRSVO/N
AF SVOCDG/X CDGLHR/X LHRCDG/X CDGSVO/SU:AF/X
BA DMELHR/N LHRDME/S
SU SVOLHR/N LHRSVO/T
AZ SVOFCO/O FCOLHR/O LHRFCO/W FCOSVO/SU:AZ/W
SU SVOLHR/N LHRSVO/Q
TK VKOIST/P ISTLHR/P LHRIST/L ISTVKO/L
UX SVOMAD/SU:UX/U MADLGW/U LGWMAD/U MADSVO/SU:UX/U
VS VKOLHR/UN:VS/M LHRVKO/UN:VS/M
PS DMEKBP/V KBPLGW/V LGWKBP/V KBPDME/V
PS DMEKBP/V KBPLGW/V LGWKBP/V KBPSVO/V
PS SVOKBP/V KBPLGW/V LGWKBP/V KBPDME/V
PS SVOKBP/V KBPLGW/V LGWKBP/V KBPSVO/V
PS DMEVIE/VO:OS/E VIELHR/VO:OS/E LGWKBP/V KBPDME/V
PS DMEVIE/VO:OS/E VIELHR/VO:OS/E LGWKBP/V KBPSVO/V
PS DMEKBP/V KBPLGW/V LHRVIE/VO:OS/E VIEDME/VO:OS/E
KL SVOAMS/G AMSLHR/G LHRAMS/G AMSSVO/G
KL SVOAMS/G AMSLHR/G LHRAMS/G AMSSVO/G
KL SVOAMS/G AMSLHR/G LHRAMS/G AMSSVO/G
KL SVOAMS/G AMSLHR/G LHRAMS/G AMSSVO/G
PS SVOKBP/V KBPLGW/V LHRVIE/VO:OS/E VIEDME/VO:OS/E
KL SVOAMS/V AMSLHR/V LHRAMS/G AMSSVO/G
KL SVOAMS/G AMSLHR/G LHRAMS/V AMSSVO/V
KL SVOAMS/G AMSLHR/G LHRAMS/V AMSSVO/V
KL SVOAMS/V AMSLHR/V LHRAMS/G AMSSVO/G
S7 DMEMUC/O MUCLHR/BA/O LHRKBP/BA/O KBPDME/O
AB DMEDUS/W DUSSTN/W LHRVIE/BA/O VIEDME/HG/O
KL SVOAMS/V AMSLHR/V LHRAMS/V AMSSVO/V
KL SVOAMS/R AMSLCY/AF:KL/R LHRAMS/G AMSSVO/G
KL SVOAMS/R AMSLCY/AF:KL/R LHRAMS/G AMSSVO/G
KL SVOAMS/R AMSLCY/AF:KL/R LHRAMS/G AMSSVO/G
KL SVOAMS/R AMSLCY/AF:KL/R LHRAMS/G AMSSVO/G
AY SVOHEL/R HELLHR/R LHRHEL/Z HELSVO/Z
AY SVOHEL/R HELLHR/R LHRHEL/Z HELSVO/Z
SN DMEBRU/E BRULHR/E LHRBRU/E BRUDME/E
KL SVOAMS/G AMSLHR/G LCYAMS/AF:KL/R AMSSVO/R
KL SVOAMS/G AMSLHR/G LCYAMS/AF:KL/R AMSSVO/R
KL SVOAMS/G AMSLHR/G LCYAMS/AF:KL/R AMSSVO/R
KL SVOAMS/G AMSLHR/G LCYAMS/AF:KL/R AMSSVO/R
AF SVOCDG/X CDGLHR/X LHRAMS/KL/G AMSSVO/KL/G
AF SVOCDG/X CDGLHR/X LHRAMS/KL/G AMSSVO/KL/G
AB DMEDUS/W DUSSTN/W LHRVIE/BA:AB/O VIEDME/HG/O
UN VKOLHR/W LHRVKO/I
AB DMEDUS/W DUSSTN/W LHRTXL/BA:AB/Q TXLDME/Q
BT DMERIX/W RIXLGW/W LGWRIX/U RIXSVO/U
S7 DMEMUC/O MUCLHR/BA/O LHRMUC/BA/N MUCDME/N
SK SVOCPH/T CPHLHR/T LHRARN/T ARNSVO/T
LH VKODUS/E DUSLHR/E LHRDUS/E DUSVKO/E
AB DMEVIE/HG/Q VIELHR/BA/Q LHRVIE/BA/O VIEDME/HG/O
OS DMEVIE/VO:OS/E VIELHR/VO:OS/E LHRVIE/VO:OS/E VIEDME/VO:OS/E
BA DMELHR/N LHRDME/N
LO SVOWAW/S WAWLHR/S LHRWAW/W WAWSVO/W
SU SVOLHR/N LHRSVO/N
AF SVOCDG/X CDGLHR/X LHRCDG/X CDGSVO/SU:AF/X
BA DMELHR/N LHRDME/S
SU SVOLHR/N LHRSVO/T
AZ SVOFCO/O FCOLHR/O LHRFCO/W FCOSVO/SU:AZ/W
SU SVOLHR/N LHRSVO/Q
TK VKOIST/P ISTLHR/P LHRIST/L ISTVKO/L
UX SVOMAD/SU:UX/U MADLGW/U LGWMAD/U MADSVO/SU:UX/U
VS VKOLHR/UN:VS/M LHRVKO/UN:VS/M
PS DMEKBP/V KBPLGW/V LGWKBP/V KBPDME/V
PS DMEKBP/V KBPLGW/V LGWKBP/V KBPSVO/V
PS SVOKBP/V KBPLGW/V LGWKBP/V KBPDME/V
PS SVOKBP/V KBPLGW/V LGWKBP/V KBPSVO/V
PS DMEKBP/V KBPLGW/V LHRVIE/VO:OS/E VIEDME/VO:OS/E
PS DMEKBP/V KBPLGW/V LHRVIE/VO:OS/E VIEDME/VO:OS/E
PS SVOKBP/V KBPLGW/V LHRVIE/VO:OS/E VIEDME/VO:OS/E
PS SVOKBP/V KBPLGW/V LHRVIE/VO:OS/E VIEDME/VO:OS/E
KL SVOAMS/G AMSLCY/AF:KL/G LHRAMS/V AMSSVO/V
KL SVOAMS/V AMSLHR/V LHRAMS/V AMSSVO/V
SN DMEBRU/E BRULHR/E LHRDUS/LH/L DUSVKO/LH/L
SN DMEBRU/E BRULHR/E LHRMUC/LH/L MUCDME/LH/L
LH DMEMUC/L MUCLHR/L LHRDUS/L DUSVKO/L
LH DMEMUC/L MUCLHR/L LHRMUC/L MUCDME/L
SK SVOARN/T ARNLHR/T LHRDUS/LH/L DUSVKO/LH/L
KL SVOAMS/R AMSLCY/AF:KL/R LHRAMS/V AMSSVO/V
KL SVOAMS/R AMSLHR/R LHRAMS/V AMSSVO/V
SN DMEBRU/E BRULHR/E LHRWAW/LO/W WAWSVO/LO/W
SK SVOCPH/T CPHLHR/T LHRDUS/LH/L DUSVKO/LH/L
SK SVOARN/T ARNLHR/T LHRMUC/LH/L MUCDME/LH/L
AB DMEDUS/P DUSSTN/P LHRTXL/BA:AB/O TXLDME/O
KL SVOAMS/G AMSLCY/AF:KL/G LHRAMS/N AMSSVO/SU:KL/N
KL SVOAMS/G AMSLCY/AF:KL/G LHRAMS/N AMSSVO/N
KL SVOAMS/G AMSLCY/AF:KL/G LHRAMS/N AMSSVO/N
SK SVOCPH/T CPHLHR/T LHRMUC/LH/L MUCDME/LH/L
LH DMEMUC/L MUCLHR/L LHRWAW/LO/W WAWSVO/LO/W
PS DMEVIE/VO:OS/W VIELHR/VO:OS/W LGWKBP/V KBPDME/V
SN DMEBRU/E BRULHR/E LHRMUC/LH/E MUCDME/LH/E
LH DMEMUC/E MUCLHR/E LHRDUS/L DUSVKO/L
PS DMEVIE/VO:OS/W VIELHR/VO:OS/W LGWKBP/V KBPSVO/V
BA DMELHR/N LHRDME/N
LO SVOWAW/S WAWLHR/S LHRWAW/W WAWSVO/W
SK SVOARN/T ARNLHR/T LHROSL/K OSLSVO/SU:SK/K
SN DMEBRU/E BRULHR/E LHRBRU/W BRUDME/W
UN VKOLHR/X LHRVKO/I
UN VKOLHR/X LHRVKO/I
BT DMERIX/Q RIXLGW/Q LGWRIX/U RIXSVO/U
AF SVOCDG/SU:AF/X CDGLHR/X LHRCDG/N CDGSVO/SU:AF/N
SU SVOLHR/E LHRSVO/T
SU SVOLHR/E LHRSVO/T
LX DMEZRH/S ZRHLHR/S LGWGVA/W GVADME/W
SU SVOLHR/E LHRSVO/Q
TK VKOIST/L ISTLHR/L LHRIST/V ISTVKO/V
SU SVOLHR/Q LHRSVO/T
SU SVOLHR/Q LHRSVO/T
VS VKOLHR/UN:VS/U LHRVKO/UN:VS/O
AZ SVOFCO/W FCOLHR/W LHRFCO/N FCOSVO/N
UX SVOMAD/SU:UX/S MADLGW/S LGWMAD/U MADSVO/SU:UX/U
S7 DMEMUC/H MUCLHR/BA/H LHRVIE/BA:AB/Q VIEDME/HG:S7/O
AB DMEDUS/W DUSSTN/W STNDUS/E DUSDME/E
AB DMEDUS/W DUSSTN/W STNDUS/E DUSDME/E
AB DMEDUS/E DUSSTN/E STNDUS/E DUSDME/E
AB DMEDUS/E DUSSTN/E STNDUS/E DUSDME/E
AB DMEDUS/E DUSSTN/E STNDUS/E DUSDME/E
AB DMEDUS/E DUSSTN/E STNDUS/E DUSDME/E
LH VKODUS/K DUSLHR/K LHRFRA/K FRADME/K
LH DMEFRA/K FRALHR/K LHRFRA/K FRADME/K
AB DMEDUS/W DUSSTN/W LHRDUS/BA/O DUSDME/O
LH VKODUS/K DUSLHR/K LHRMUC/L MUCDME/L
LH VKODUS/K DUSLHR/K LHRBRU/SN/E BRUDME/SN/E
LH VKODUS/K DUSLHR/K LHRFRA/L FRADME/L
LH VKODUS/K DUSLHR/K LHRFRA/L FRADME/L
AB DMEDUS/W DUSSTN/W LHRMUC/BA/O MUCDME/O
LH VKODUS/K DUSLHR/K LGWFRA/E FRADME/E
PS DMEKBP/J KBPLGW/J LGWKBP/J KBPDME/J
LH VKODUS/K DUSLHR/K LHRFRA/L FRAVKO/L
LH VKODUS/K DUSLHR/K LHRFRA/L FRAVKO/L
SN DMEBRU/E BRULHR/E LHRFRA/LH/K FRADME/LH/K
LH VKODUS/K DUSLHR/K LGWFRA/E FRAVKO/E
PS DMEKBP/J KBPLGW/J LGWKBP/J KBPSVO/J
PS SVOKBP/J KBPLGW/J LGWKBP/J KBPDME/J
LH VKODUS/K DUSLHR/K LHRGVA/LX/E GVADME/LX/E
LH DMEFRA/K FRALHR/K LHRMUC/L MUCDME/L
LH DMEFRA/K FRALHR/K LHRBRU/SN/E BRUDME/SN/E
PS SVOKBP/J KBPLGW/J LGWKBP/J KBPSVO/J
LH VKOFRA/L FRALHR/L LHRFRA/K FRADME/K
SN DMEBRU/E BRULHR/E LHRBRU/E BRUDME/E
S7 DMEMUC/N MUCLHR/BA/N LHRMUC/BA/O MUCDME/O
UN VKOLHR/I LHRVKO/I
TK VKOIST/W ISTLGW/W LGWIST/W ISTVKO/W
SU SVOLHR/N LHRSVO/N
BA DMELHR/N LHRDME/N
VS VKOLHR/UN:VS/O LHRVKO/UN:VS/O
BT DMERIX/A RIXLGW/A LGWRIX/U RIXSVO/U
LO SVOWAW/V WAWLHR/V LHRWAW/V WAWSVO/V
SU SVOLHR/N LHRSVO/E
KL SVOAMS/N AMSLHR/N LHRAMS/N AMSSVO/SU:KL/N
LX DMEGVA/W GVALHR/W LHRGVA/E GVADME/E
AZ SVOFCO/O FCOLHR/O LHRLIN/VE:AZ/W MXPSVO/W
AF SVOCDG/N CDGLHR/N LHRCDG/N CDGSVO/SU:AF/N
OS DMEVIE/VO:OS/V VIELHR/VO:OS/V LHRVIE/VO:OS/T VIEDME/VO:OS/T
AB DMEVIE/HG/L VIELHR/BA/L LHRVIE/BA/N VIEDME/HG/N
AB DMEDUS/W DUSSTN/W STNDUS/E DUSDME/E
AB DMEDUS/W DUSSTN/W STNDUS/E DUSDME/E
AB DMEDUS/E DUSSTN/E STNDUS/E DUSDME/E
AB DMEDUS/E DUSSTN/E STNDUS/E DUSDME/E
AB DMEDUS/E DUSSTN/E STNDUS/E DUSDME/E
AB DMEDUS/E DUSSTN/E STNDUS/E DUSDME/E
LH VKODUS/K DUSLHR/K LHRFRA/K FRADME/K
LH DMEFRA/K FRALHR/K LHRFRA/K FRADME/K
AB DMEDUS/W DUSSTN/W LHRDUS/BA/O DUSDME/O
LH VKODUS/K DUSLHR/K LHRMUC/L MUCDME/L
LH VKODUS/K DUSLHR/K LHRBRU/SN/E BRUDME/SN/E
LH VKODUS/K DUSLHR/K LHRFRA/L FRADME/L
LH VKODUS/K DUSLHR/K LHRFRA/L FRADME/L
AB DMEDUS/W DUSSTN/W LHRMUC/BA/O MUCDME/O
LH VKODUS/K DUSLHR/K LGWFRA/E FRADME/E
PS DMEKBP/J KBPLGW/J LGWKBP/J KBPDME/J
LH VKODUS/K DUSLHR/K LHRFRA/L FRAVKO/L
LH VKODUS/K DUSLHR/K LHRFRA/L FRAVKO/L
SN DMEBRU/E BRULHR/E LHRFRA/LH/K FRADME/LH/K
LH VKODUS/K DUSLHR/K LGWFRA/E FRAVKO/E
PS DMEKBP/J KBPLGW/J LGWKBP/J KBPSVO/J
PS SVOKBP/J KBPLGW/J LGWKBP/J KBPDME/J
LH VKODUS/K DUSLHR/K LHRGVA/LX/E GVADME/LX/E
LH DMEFRA/K FRALHR/K LHRMUC/L MUCDME/L
LH DMEFRA/K FRALHR/K LHRBRU/SN/E BRUDME/SN/E
SN DMEBRU/E BRULHR/E LHRBRU/E BRUDME/E
S7 DMEMUC/N MUCLHR/BA/N LHRMUC/BA/O MUCDME/O
UN VKOLHR/I LHRVKO/I
SU SVOLHR/N LHRSVO/N
BA DMELHR/N LHRDME/N
VS VKOLHR/UN:VS/O LHRVKO/UN:VS/O
BT DMERIX/A RIXLGW/A LGWRIX/U RIXSVO/U
LO SVOWAW/V WAWLHR/V LHRWAW/V WAWSVO/V
TK VKOIST/W ISTLHR/W LGWIST/P ISTVKO/P
SU SVOLHR/N LHRSVO/E
KL SVOAMS/N AMSLHR/N LHRAMS/N AMSSVO/SU:KL/N
LX DMEGVA/W GVALHR/W LHRGVA/E GVADME/E
AZ SVOFCO/O FCOLHR/O LHRLIN/VE:AZ/W MXPSVO/W
AF SVOCDG/N CDGLHR/N LHRCDG/N CDGSVO/SU:AF/N
OS DMEVIE/VO:OS/V VIELHR/VO:OS/V LHRVIE/VO:OS/T VIEDME/VO:OS/T
AB DMEVIE/HG/L VIELHR/BA/L LHRVIE/BA/N VIEDME/HG/N
KL LEDAMS/G AMSLHR/G LHRAMS/V AMSLED/V
LH LEDMUC/K MUCLHR/K LHRFRA/K FRALED/K
LH LEDFRA/K FRALHR/K LHRFRA/K FRALED/K
LH LEDFRA/K FRALHR/K LHRFRA/K FRALED/K
BT LEDRIX/W RIXLGW/W LGWRIX/T RIXLED/T
LX LEDZRH/L ZRHLCY/L LHRFRA/LH/K FRALED/LH/K
LX LEDZRH/L ZRHLCY/L LCYFRA/CL:LH/K FRALED/LH/K
SK LEDARN/T ARNLHR/T LHRFRA/LH/K FRALED/LH/K
SK LEDARN/T ARNLHR/T LHRARN/T ARNLED/T
BA LEDLHR/O LHRLED/O
UN LEDVKO/I VKOLHR/I LHRVKO/I VKOLED/I
SU LEDSVO/N SVOLHR/N LHRSVO/N SVOLED/N
AB LEDTXL/O TXLLHR/BA/O LHRTXL/BA/O TXLLED/O
S7 LEDDME/GH:S7/Q DMELHR/BA:S7/Q LHRDME/BA:S7/Q DMELED/Q
AF LEDCDG/X CDGLHR/X LHRCDG/X CDGLED/X
AB LEDTXL/O TXLLHR/BA:AB/O LHRTXL/BA:AB/O TXLLED/O
LX LEDZRH/L ZRHLCY/L LHRZRH/S ZRHLED/S
AY LEDHEL/BE:AY/V HELLHR/V LHRHEL/R HELLED/BE:AY/R
LO LEDWAW/S WAWLHR/S LHRWAW/V WAWLED/V
OS LEDVIE/VO:OS/W VIELHR/VO:OS/W LHRVIE/VO:OS/W VIELED/VO:OS/W
FV LEDARN/O ARNLHR/BA:IB LHRARN/BA:IB ARNLED/SK:FV/S
UT VKOLED/H LEDVKO/H
UN VKOLED/I LEDVKO/I
FV DMELED/U LEDSVO/U
FV DMELED/U LEDSVO/SU:FV/U
FV DMELED/U LEDSVO/SU:FV/U
SU SVOLED/T LEDSVO/T
S7 DMELED/Q LEDDME/Q
HR DMEIWA/7R/N IWALED/7R/N LEDULV/7R/U ULVDME/7R/U
HR DMELED/YC/X LEDDME/YC
5N SVOARH/H ARHLED/L LEDARH/L ARHSVO/H
U9 DMEKZN/Q KZNLED/Q LEDKZN/Q KZNDME/Q
U6 DMESVX/E SVXLED/E LEDOVB/X OVBDME/W
PS DMEKBP/S7:PS/N KBPDXB/N DXBKBP/N KBPDME/N
J2 DMEGYD/X GYDDXB/X DXBGYD/X GYDDME/X
PS DMEKBP/S7:PS/N KBPDXB/N DXBKBP/V KBPSVO/V
TK VKOIST/W ISTDXB/W DXBIST/V ISTVKO/V
QR DMEDOH/S DOHDXB/S DXBDOH/S DOHDME/S
TK VKOIST/T ISTDXB/T DXBIST/V ISTVKO/V
TK VKOIST/T ISTDXB/T DXBIST/V ISTVKO/V
SU SVODXB/N DXBSVO/L
EK DMEDXB/U DXBDME/U
SU SVODXB/E DXBSVO/L
TK VKOIST/T ISTDXB/T DXBIST/T ISTVKO/T
UN DMEDXB/EK/U DXBLED/EK/U LEDDME/I
UN VKOLED/I LEDDXB/EK/U DXBDME/EK/U
FV DMEDXB/EK/U DXBLED/EK/U LEDVKO/U
EK DMEDXB/U DXBGYD/J2/B GYDDME/J2/B
LH DMEMUC/E MUCDXB/E DXBFRA/E FRADME/E
LX DMEZRH/Q ZRHDXB/Q DXBZRH/Q ZRHDME/Q
UN VKODXB/X DXBLED/EK/U LEDDME/I
UN DMEDXB/V DXBLED/EK/U LEDDME/I
UN VKOLED/I LEDDXB/EK/U DXBLED/EK/U LEDDME/I
HR VKOLED/UN/K LEDDXB/EK/U DXBGYD/J2/Q GYDDME/J2/Q
VS VKOLHR/UN:VS/O LHRDXB/O DXBLHR/O LHRVKO/UN:VS/X
EK DMEDXB/U DXBKUF/U6/V KUFDME/U6/T
UN VKODXB/X DXBTAS/HY/M TASDME/HY/M
UN DMEDXB/V DXBTAS/HY/M TASDME/HY/M
TK VKOIST ISTDXB DXBIST/V ISTVKO/V
TK VKOIST ISTDXB DXBIST/V ISTVKO/V
HR VKODXB/UN/H DXBKUF/U6/V KUFDME/U6/T
HR DMEDXB/UN/H DXBKUF/U6/V KUFDME/U6/T
HR VKODXB/UN/H DXBLED/EK/U LEDVKO/FV/Q
HR DMEDXB/UN/H DXBLED/EK/U LEDVKO/FV/Q
TK VKOIST ISTDXB DXBIST/T ISTVKO/T
HR VKOLED/UN/K LEDDXB/EK/U DXBKUF/U6/V KUFDME/U6/T
SU SVODXB/B DXBGYD/J2/U GYDDME/J2/U
HR DMEDXB/EK/U DXBTAS/HY/M TASDME/HY/M
HR DMEZRH/LX ZRHDXB/LX DXBGYD/J2/Q GYDDME/J2/Q
BA DMELHR/S LHRDXB/S DXBLHR/S LHRDME/S
UN VKOLED/I LEDDXB/EK/U DXBTAS/HY/M TASDME/HY/M
TG DMEBKK/W BKKDXB/W DXBBKK/W BKKDME/W
KL SVOAMS/SU:KL/K AMSDXB/K DXBAMS/K AMSSVO/K
AF SVOCDG/K CDGDXB/K DXBCDG/K CDGSVO/K
AF SVOCDG/SU:AF/K CDGDXB/K DXBCDG/K CDGSVO/K
EK DMEDXB/U DXBDME
UN VKOLED/I LEDDXB/EK/U DXBDME/EK
PS DMEKBP/S7:PS/N KBPDXB/J DXBGYD/J2/Q GYDDME/J2/Q
PS DMEKBP/J KBPDXB/J DXBGYD/J2/Q GYDDME/J2/Q
QR DMEDOH DOHDXB DXBGYD/J2/Q GYDDME/J2/Q
LX DMEZRH ZRHDXB DXBSVO/SU/B
SU SVODXB/B DXBDME/EK:QF/S
SU DMEDXB/EK:QF/S DXBSVO/B
SU SVODXB/B DXBDME/EK
SU SVODXB/B DXBDME/EK
IB DMEDXB/EK:QF/S DXBLED/EK:QF/S LEDDME/S7:IB
2B DMESIN SINDXB DXBSIN SINDME
LH VKODUS/K DUSLHR/K LHRFRA/K FRAVKO/K
PS DMEVIE/VO:OS/K VIELHR/VO:OS/K LGWKBP/J KBPDME/J
AB DMEDUS/W DUSSTN/W STNDUS/O DUSDME/O
BT SVORIX/U RIXLGW/U LGWRIX/U RIXSVO/U
OS DMEVIE/VO:OS/K VIELHR/VO:OS/K LHRFRA/LH/K FRAVKO/LH/K
LH VKOFRA/K FRALHR/K LHRFRA/K FRAVKO/K
LH DMEFRA/K FRALHR/K LHRFRA/K FRAVKO/K
PS DMEKBP/J KBPLGW/J LGWKBP/J KBPDME/J
SK VKODUS/LH/K DUSLHR/LH/K LHRARN/T ARNSVO/T
LH VKODUS/K DUSLHR/K LCYFRA/CL:LH/L FRAVKO/L
SK VKODUS/LH/K DUSLHR/LH/K LHRCPH/T CPHSVO/T
LH DMEMUC/L MUCLHR/L LHRFRA/K FRAVKO/K
AB DMEDUS/W DUSSTN/W LHRTXL/BA:AB/O TXLDME/O
LH DMEFRA/L FRALHR/L LHRFRA/K FRAVKO/K
SK DMEVIE/VO:OS/K VIELHR/VO:OS/K LHRARN/T ARNSVO/T
OS DMEVIE/VO:OS/K VIELHR/VO:OS/K LCYFRA/CL:LH/L FRAVKO/LH/L
SK DMEVIE/VO:OS/K VIELHR/VO:OS/K LHRCPH/T CPHSVO/T
SK SVOARN/T ARNLHR/T LHRFRA/LH/K FRAVKO/LH/K
SK VKOFRA/LH/K FRALHR/LH/K LHRARN/T ARNSVO/T
SK DMEFRA/LH/K FRALHR/LH/K LHRARN/T ARNSVO/T
SK SVOARN/T ARNLHR/T LHRARN/T ARNSVO/T
KL SVOAMS/R AMSLCY/AF:KL/R LHRAMS/N AMSSVO/N
BA DMELHR/N LHRDME/N
LO SVOWAW/V WAWLHR/V LHRWAW/V WAWSVO/V
S7 DMEMUC/N MUCLHR/BA/N LHRMUC/BA/N MUCDME/N
UN VKOLHR/W LHRVKO/X
OS DMEVIE/VO:OS/K VIELHR/VO:OS/K LHRVIE/VO:OS/W VIEDME/VO:OS/W
VS VKOLHR/UN:VS/O LHRVKO/UN:VS/X
SU SVOLHR/N LHRSVO/L
SN DMEBRU/S BRULHR/S LHRBRU/V BRUDME/V
AF SVOCDG/X CDGLHR/X LHRCDG/H CDGSVO/SU:AF/H
AZ SVOMXP/SU:AZ/W LINLCY/VE:AZ/W LHRLIN/T MXPSVO/SU:AZ/T
TK VKOIST/E ISTLHR/E LHRIST/W ISTVKO/W
UX SVOMAD/SU:UX/U MADLGW/U LGWMAD/K MADSVO/SU:UX/K
LX DMEGVA/Q GVALHR/Q LHRGVA/M GVADME/M
PS SVOKBP/V KBPFRA/V FRAKBP/J KBPDME/J
PS DMEKBP/V KBPFRA/V FRAKBP/J KBPDME/J
PS SVOKBP/V KBPFRA/V FRAKBP/J KBPSVO/J
PS DMEKBP/V KBPFRA/V FRAKBP/J KBPSVO/J
PS SVOKBP/V KBPFRA/V FRAVIE/VO:OS/K VIEDME/VO:OS/K
PS DMEKBP/V KBPFRA/V FRAVIE/VO:OS/K VIEDME/VO:OS/K
UN VKOFRA/W FRAVKO/W
SU SVOFRA/R FRASVO/R
OK SVOPRG/S PRGFRA/S FRAPRG/W PRGSVO/W
PS DMEVIE/VO:OS/K VIEFRA/VO:OS/K FRAKBP/J KBPDME/J
PS SVOKBP/V KBPFRA/V FRAVIE/VO:OS/E VIEDME/VO:OS/E
PS DMEKBP/V KBPFRA/V FRAVIE/VO:OS/E VIEDME/VO:OS/E
PS DMEVIE/VO:OS/K VIEFRA/VO:OS/K FRAKBP/J KBPSVO/J
AB DMETXL/W TXLFRA/W FRATXL/W TXLDME/W
LH VKOFRA/K FRAVIE/VO:OS/K VIEDME/VO:OS/K
LH DMEFRA/K FRAVIE/VO:OS/K VIEDME/VO:OS/K
LH DMEFRA/K FRAVIE/VO:OS/K VIEDME/VO:OS/K
OS DMEVIE/VO:OS/K VIEFRA/VO:OS/K FRAVIE/VO:OS/K VIEDME/VO:OS/K
LH VKOFRA/K FRAVKO/K
LH VKOFRA/K FRAVKO/K
SN DMEBRU/K BRUFRA/LH:SN/K FRABRU/LH:SN/L BRUDME/L
AB DMEVIE/HG/W VIEFRA/HG/W FRAVIE/HG/E VIEDME/HG/E
LO SVOWAW/V WAWFRA/V FRAWAW/W WAWSVO/W
KL SVOAMS/G AMSFRA/G FRAAMS/G AMSSVO/G
BT SVORIX/P RIXFRA/P FRARIX/A RIXSVO/A
AF SVOCDG/X CDGFRA/X FRACDG/R CDGSVO/R
SK SVOCPH/T CPHFRA/T FRAOSL/LH:SK/K OSLSVO/SU:SK/K
JU SVOBEG/Q BEGFRA/Q FRABEG/Q BEGSVO/Q
AZ SVOMXP/SU:AZ/W LINFRA/CT:AZ/W FRAFCO/O FCOSVO/O
TK VKOIST/Q ISTFRA/LH:TK/Q FRAIST/W ISTVKO/W
